#
# There is insufficient memory for the Java Runtime Environment to continue.
# Native memory allocation (mmap) failed to map 65536 bytes. Error detail: Failed to commit metaspace.
# Possible reasons:
#   The system is out of physical RAM or swap space
#   This process is running with CompressedOops enabled, and the Java Heap may be blocking the growth of the native heap
# Possible solutions:
#   Reduce memory load on the system
#   Increase physical memory or swap space
#   Check if swap backing store is full
#   Decrease Java heap size (-Xmx/-Xms)
#   Decrease number of Java threads
#   Decrease Java thread stack sizes (-Xss)
#   Set larger code cache with -XX:ReservedCodeCacheSize=
#   JVM is running with Zero Based Compressed Oops mode in which the Java heap is
#     placed in the first 32GB address space. The Java Heap base address is the
#     maximum limit for the native heap growth. Please use -XX:HeapBaseMinAddress
#     to set the Java Heap base and to place the Java Heap above 32GB virtual address.
# This output file may be truncated or incomplete.
#
#  Out of Memory Error (virtualSpaceNode.cpp:113), pid=22864, tid=14740
#
# JRE version: OpenJDK Runtime Environment JBR-21.0.9+1-1163.94-jcef (21.0.9+1) (build 21.0.9+1-b1163.94)
# Java VM: OpenJDK 64-Bit Server VM JBR-21.0.9+1-1163.94-jcef (21.0.9+1-b1163.94, mixed mode, sharing, tiered, compressed oops, compressed class ptrs, g1 gc, windows-amd64)
# No core dump will be written. Minidumps are not enabled by default on client versions of Windows
#

---------------  S U M M A R Y ------------

Command Line: com.intellij.mcpserver.stdio.McpStdioRunnerKt

Host: 12th Gen Intel(R) Core(TM) i5-12450H, 12 cores, 15G,  Windows 11 , 64 bit Build 26100 (10.0.26100.8246)
Time: Sun May 10 01:45:23 2026 Sri Lanka Standard Time elapsed time: 0.545361 seconds (0d 0h 0m 0s)

---------------  T H R E A D  ---------------

Current thread (0x0000026ae9538eb0):  JavaThread "DefaultDispatcher-worker-2" daemon [_thread_in_vm, id=14740, stack(0x0000009598b00000,0x0000009598c00000) (1024K)]

Stack: [0x0000009598b00000,0x0000009598c00000]
Native frames: (J=compiled Java code, j=interpreted, Vv=VM code, C=native code)
V  [jvm.dll+0x6ec339]
V  [jvm.dll+0x8cc463]
V  [jvm.dll+0x8cea8e]
V  [jvm.dll+0x8cf173]
V  [jvm.dll+0x28b006]
V  [jvm.dll+0x8c728e]
V  [jvm.dll+0x68cb35]
V  [jvm.dll+0x1ec0f1]
V  [jvm.dll+0x1ebebe]
V  [jvm.dll+0x68f448]
V  [jvm.dll+0x68f282]
V  [jvm.dll+0x68d4ee]
V  [jvm.dll+0x2752f0]
V  [jvm.dll+0x21f2db]
V  [jvm.dll+0x21472a]
V  [jvm.dll+0x5c9a15]
V  [jvm.dll+0x843d53]
V  [jvm.dll+0x843e9b]
V  [jvm.dll+0x483af7]
V  [jvm.dll+0x489938]
C  [java.dll+0x17ec]

Java frames: (J=compiled Java code, j=interpreted, Vv=VM code)
J 382  java.lang.ClassLoader.defineClass1(Ljava/lang/ClassLoader;Ljava/lang/String;[BIILjava/security/ProtectionDomain;Ljava/lang/String;)Ljava/lang/Class; java.base@21.0.9 (0 bytes) @ 0x0000026a936f1091 [0x0000026a936f0fc0+0x00000000000000d1]
J 598 c1 java.lang.ClassLoader.defineClass(Ljava/lang/String;[BIILjava/security/ProtectionDomain;)Ljava/lang/Class; java.base@21.0.9 (43 bytes) @ 0x0000026a8bcf717c [0x0000026a8bcf6e20+0x000000000000035c]
J 795 c1 java.security.SecureClassLoader.defineClass(Ljava/lang/String;[BIILjava/security/CodeSource;)Ljava/lang/Class; java.base@21.0.9 (16 bytes) @ 0x0000026a8bd5b29c [0x0000026a8bd5b1c0+0x00000000000000dc]
J 578 c1 jdk.internal.loader.BuiltinClassLoader.defineClass(Ljava/lang/String;Ljdk/internal/loader/Resource;)Ljava/lang/Class; java.base@21.0.9 (121 bytes) @ 0x0000026a8bcf14d4 [0x0000026a8bcf0100+0x00000000000013d4]
J 438 c1 jdk.internal.loader.BuiltinClassLoader.findClassOnClassPathOrNull(Ljava/lang/String;)Ljava/lang/Class; java.base@21.0.9 (134 bytes) @ 0x0000026a8bc9c01c [0x0000026a8bc9b300+0x0000000000000d1c]
J 310 c1 jdk.internal.loader.BuiltinClassLoader.loadClassOrNull(Ljava/lang/String;Z)Ljava/lang/Class; java.base@21.0.9 (143 bytes) @ 0x0000026a8bc60274 [0x0000026a8bc5f940+0x0000000000000934]
J 465 c1 jdk.internal.loader.ClassLoaders$AppClassLoader.loadClass(Ljava/lang/String;Z)Ljava/lang/Class; java.base@21.0.9 (40 bytes) @ 0x0000026a8bcb37c4 [0x0000026a8bcb35e0+0x00000000000001e4]
J 464 c1 java.lang.ClassLoader.loadClass(Ljava/lang/String;)Ljava/lang/Class; java.base@21.0.9 (7 bytes) @ 0x0000026a8bcb32d4 [0x0000026a8bcb31c0+0x0000000000000114]
v  ~StubRoutines::call_stub 0x0000026a9313100d
J 382  java.lang.ClassLoader.defineClass1(Ljava/lang/ClassLoader;Ljava/lang/String;[BIILjava/security/ProtectionDomain;Ljava/lang/String;)Ljava/lang/Class; java.base@21.0.9 (0 bytes) @ 0x0000026a936f1091 [0x0000026a936f0fc0+0x00000000000000d1]
J 598 c1 java.lang.ClassLoader.defineClass(Ljava/lang/String;[BIILjava/security/ProtectionDomain;)Ljava/lang/Class; java.base@21.0.9 (43 bytes) @ 0x0000026a8bcf717c [0x0000026a8bcf6e20+0x000000000000035c]
J 795 c1 java.security.SecureClassLoader.defineClass(Ljava/lang/String;[BIILjava/security/CodeSource;)Ljava/lang/Class; java.base@21.0.9 (16 bytes) @ 0x0000026a8bd5b29c [0x0000026a8bd5b1c0+0x00000000000000dc]
J 578 c1 jdk.internal.loader.BuiltinClassLoader.defineClass(Ljava/lang/String;Ljdk/internal/loader/Resource;)Ljava/lang/Class; java.base@21.0.9 (121 bytes) @ 0x0000026a8bcf14d4 [0x0000026a8bcf0100+0x00000000000013d4]
J 438 c1 jdk.internal.loader.BuiltinClassLoader.findClassOnClassPathOrNull(Ljava/lang/String;)Ljava/lang/Class; java.base@21.0.9 (134 bytes) @ 0x0000026a8bc9c01c [0x0000026a8bc9b300+0x0000000000000d1c]
J 310 c1 jdk.internal.loader.BuiltinClassLoader.loadClassOrNull(Ljava/lang/String;Z)Ljava/lang/Class; java.base@21.0.9 (143 bytes) @ 0x0000026a8bc60274 [0x0000026a8bc5f940+0x0000000000000934]
J 465 c1 jdk.internal.loader.ClassLoaders$AppClassLoader.loadClass(Ljava/lang/String;Z)Ljava/lang/Class; java.base@21.0.9 (40 bytes) @ 0x0000026a8bcb37c4 [0x0000026a8bcb35e0+0x00000000000001e4]
J 464 c1 java.lang.ClassLoader.loadClass(Ljava/lang/String;)Ljava/lang/Class; java.base@21.0.9 (7 bytes) @ 0x0000026a8bcb32d4 [0x0000026a8bcb31c0+0x0000000000000114]
v  ~StubRoutines::call_stub 0x0000026a9313100d
J 382  java.lang.ClassLoader.defineClass1(Ljava/lang/ClassLoader;Ljava/lang/String;[BIILjava/security/ProtectionDomain;Ljava/lang/String;)Ljava/lang/Class; java.base@21.0.9 (0 bytes) @ 0x0000026a936f1091 [0x0000026a936f0fc0+0x00000000000000d1]
J 598 c1 java.lang.ClassLoader.defineClass(Ljava/lang/String;[BIILjava/security/ProtectionDomain;)Ljava/lang/Class; java.base@21.0.9 (43 bytes) @ 0x0000026a8bcf717c [0x0000026a8bcf6e20+0x000000000000035c]
J 795 c1 java.security.SecureClassLoader.defineClass(Ljava/lang/String;[BIILjava/security/CodeSource;)Ljava/lang/Class; java.base@21.0.9 (16 bytes) @ 0x0000026a8bd5b29c [0x0000026a8bd5b1c0+0x00000000000000dc]
J 578 c1 jdk.internal.loader.BuiltinClassLoader.defineClass(Ljava/lang/String;Ljdk/internal/loader/Resource;)Ljava/lang/Class; java.base@21.0.9 (121 bytes) @ 0x0000026a8bcf14d4 [0x0000026a8bcf0100+0x00000000000013d4]
J 438 c1 jdk.internal.loader.BuiltinClassLoader.findClassOnClassPathOrNull(Ljava/lang/String;)Ljava/lang/Class; java.base@21.0.9 (134 bytes) @ 0x0000026a8bc9c01c [0x0000026a8bc9b300+0x0000000000000d1c]
J 310 c1 jdk.internal.loader.BuiltinClassLoader.loadClassOrNull(Ljava/lang/String;Z)Ljava/lang/Class; java.base@21.0.9 (143 bytes) @ 0x0000026a8bc60274 [0x0000026a8bc5f940+0x0000000000000934]
J 465 c1 jdk.internal.loader.ClassLoaders$AppClassLoader.loadClass(Ljava/lang/String;Z)Ljava/lang/Class; java.base@21.0.9 (40 bytes) @ 0x0000026a8bcb37c4 [0x0000026a8bcb35e0+0x00000000000001e4]
J 464 c1 java.lang.ClassLoader.loadClass(Ljava/lang/String;)Ljava/lang/Class; java.base@21.0.9 (7 bytes) @ 0x0000026a8bcb32d4 [0x0000026a8bcb31c0+0x0000000000000114]
v  ~StubRoutines::call_stub 0x0000026a9313100d
j  kotlinx.serialization.json.Json.decodeFromString(Lkotlinx/serialization/DeserializationStrategy;Ljava/lang/String;)Ljava/lang/Object;+18
j  io.modelcontextprotocol.kotlin.sdk.client.SseClientTransport.handleMessage(Ljava/lang/String;Lkotlin/coroutines/Continuation;)Ljava/lang/Object;+124
j  io.modelcontextprotocol.kotlin.sdk.client.SseClientTransport.access$handleMessage(Lio/modelcontextprotocol/kotlin/sdk/client/SseClientTransport;Ljava/lang/String;Lkotlin/coroutines/Continuation;)Ljava/lang/Object;+3
j  io.modelcontextprotocol.kotlin.sdk.client.SseClientTransport$collectMessages$2.emit(Lio/ktor/sse/ServerSentEvent;Lkotlin/coroutines/Continuation;)Ljava/lang/Object;+165
j  io.modelcontextprotocol.kotlin.sdk.client.SseClientTransport$collectMessages$2.emit(Ljava/lang/Object;Lkotlin/coroutines/Continuation;)Ljava/lang/Object;+6
j  kotlinx.coroutines.flow.FlowKt__ErrorsKt$catchImpl$2.emit(Ljava/lang/Object;Lkotlin/coroutines/Continuation;)Ljava/lang/Object;+113
j  kotlinx.coroutines.flow.internal.SafeCollectorKt$emitFun$1.invoke(Lkotlinx/coroutines/flow/FlowCollector;Ljava/lang/Object;Lkotlin/coroutines/Continuation;)Ljava/lang/Object;+3
j  kotlinx.coroutines.flow.internal.SafeCollectorKt$emitFun$1.invoke(Ljava/lang/Object;Ljava/lang/Object;Ljava/lang/Object;)Ljava/lang/Object;+10
j  kotlinx.coroutines.flow.internal.SafeCollector.emit(Lkotlin/coroutines/Continuation;Ljava/lang/Object;)Ljava/lang/Object;+65
j  kotlinx.coroutines.flow.internal.SafeCollector.emit(Ljava/lang/Object;Lkotlin/coroutines/Continuation;)Ljava/lang/Object;+9
j  io.ktor.client.plugins.sse.DefaultClientSSESession$_incoming$1.invokeSuspend(Ljava/lang/Object;)Ljava/lang/Object;+198
j  io.ktor.client.plugins.sse.DefaultClientSSESession$_incoming$1.invoke(Lkotlinx/coroutines/flow/FlowCollector;Lkotlin/coroutines/Continuation;)Ljava/lang/Object;+12
j  io.ktor.client.plugins.sse.DefaultClientSSESession$_incoming$1.invoke(Ljava/lang/Object;Ljava/lang/Object;)Ljava/lang/Object;+9
j  kotlinx.coroutines.flow.SafeFlow.collectSafely(Lkotlinx/coroutines/flow/FlowCollector;Lkotlin/coroutines/Continuation;)Ljava/lang/Object;+6
j  kotlinx.coroutines.flow.AbstractFlow.collect(Lkotlinx/coroutines/flow/FlowCollector;Lkotlin/coroutines/Continuation;)Ljava/lang/Object;+129
j  kotlinx.coroutines.flow.FlowKt__ErrorsKt.catchImpl(Lkotlinx/coroutines/flow/Flow;Lkotlinx/coroutines/flow/FlowCollector;Lkotlin/coroutines/Continuation;)Ljava/lang/Object;+129
j  kotlinx.coroutines.flow.FlowKt.catchImpl(Lkotlinx/coroutines/flow/Flow;Lkotlinx/coroutines/flow/FlowCollector;Lkotlin/coroutines/Continuation;)Ljava/lang/Object;+3
j  kotlinx.coroutines.flow.FlowKt__ErrorsKt$catch$$inlined$unsafeFlow$1.collect(Lkotlinx/coroutines/flow/FlowCollector;Lkotlin/coroutines/Continuation;)Ljava/lang/Object;+128
j  kotlinx.coroutines.flow.FlowKt__EmittersKt$onCompletion$$inlined$unsafeFlow$1.collect(Lkotlinx/coroutines/flow/FlowCollector;Lkotlin/coroutines/Continuation;)Ljava/lang/Object;+133
j  io.modelcontextprotocol.kotlin.sdk.client.SseClientTransport.collectMessages(Lkotlinx/coroutines/CoroutineScope;Lkotlin/coroutines/Continuation;)Ljava/lang/Object;+146
j  io.modelcontextprotocol.kotlin.sdk.client.SseClientTransport.access$collectMessages(Lio/modelcontextprotocol/kotlin/sdk/client/SseClientTransport;Lkotlinx/coroutines/CoroutineScope;Lkotlin/coroutines/Continuation;)Ljava/lang/Object;+3
j  io.modelcontextprotocol.kotlin.sdk.client.SseClientTransport$start$4.invokeSuspend(Ljava/lang/Object;)Ljava/lang/Object;+63
j  kotlin.coroutines.jvm.internal.BaseContinuationImpl.resumeWith(Ljava/lang/Object;)V+40
j  kotlinx.coroutines.DispatchedTask.run()V+324
j  kotlinx.coroutines.internal.SoftLimitedDispatcher$Worker.run()V+8
j  kotlinx.coroutines.scheduling.TaskImpl.run()V+4
j  kotlinx.coroutines.scheduling.CoroutineScheduler.runSafely(Lkotlinx/coroutines/scheduling/Task;)V+2
j  kotlinx.coroutines.scheduling.CoroutineScheduler$Worker.executeTask(Lkotlinx/coroutines/scheduling/Task;)V+93
j  kotlinx.coroutines.scheduling.CoroutineScheduler$Worker.runWorker()V+44
j  kotlinx.coroutines.scheduling.CoroutineScheduler$Worker.run()V+1
v  ~StubRoutines::call_stub 0x0000026a9313100d

Compiled method (n/a) 564  382     n 0       java.lang.ClassLoader::defineClass1 (native)
 total in heap  [0x0000026a936f0e10,0x0000026a936f13a8] = 1432
 relocation     [0x0000026a936f0f70,0x0000026a936f0fa8] = 56
 main code      [0x0000026a936f0fc0,0x0000026a936f13a1] = 993
 stub code      [0x0000026a936f13a1,0x0000026a936f13a8] = 7

[Constant Pool (empty)]

[MachCode]
[Entry Point]
  # {method} {0x0000026aa3afa540} 'defineClass1' '(Ljava/lang/ClassLoader;Ljava/lang/String;[BIILjava/security/ProtectionDomain;Ljava/lang/String;)Ljava/lang/Class;' in 'java/lang/ClassLoader'
  # parm0:    rdx:rdx   = 'java/lang/ClassLoader'
  # parm1:    r8:r8     = 'java/lang/String'
  # parm2:    r9:r9     = '[B'
  # parm3:    rdi       = int
  # parm4:    rsi       = int
  # parm5:    rcx:rcx   = 'java/security/ProtectionDomain'
  # parm6:    [sp+0xa0]   = 'java/lang/String'  (sp of caller)
  0x0000026a936f0fc0: 448b 5208 | 49bb 0000 | 00a3 6a02 | 0000 4d03 | d349 3bc2 | 0f84 0600 

  0x0000026a936f0fd8: ;   {runtime_call ic_miss_stub}
  0x0000026a936f0fd8: 0000 e9a1 | d7a8 ff90 
[Verified Entry Point]
  0x0000026a936f0fe0: 8984 2400 | 80ff ff55 | 488b ec48 | 81ec 9000 | 0000 6690 | 4181 7f20 | 0100 0000 

  0x0000026a936f0ffc: ;   {runtime_call StubRoutines (final stubs)}
  0x0000026a936f0ffc: 7405 e8dd | 54a7 ff48 | 837d 1000 | 488d 4510 | 480f 4445 | 1048 8944 | 2440 4889 | 4c24 7048 
  0x0000026a936f101c: 83f9 0048 | 8d44 2470 | 480f 4444 | 2470 4889 | 4424 3848 | 8974 2430 | 4889 7c24 | 284c 894c 
  0x0000026a936f103c: 2458 4983 | f900 488d | 4424 5848 | 0f44 4424 | 5848 8944 | 2420 4c89 | 4424 5049 | 83f8 004c 
  0x0000026a936f105c: 8d4c 2450 | 4c0f 444c | 2450 4889 | 5424 4848 | 83fa 004c | 8d44 2448 | 4c0f 4444 

  0x0000026a936f1078: ;   {oop(a 'java/lang/Class'{0x0000000712e200c8} = 'java/lang/ClassLoader')}
  0x0000026a936f1078: 2448 49be | c800 e212 | 0700 0000 | 4c89 7424 | 784c 8d74 | 2478 498b | d6c5 f877 

  0x0000026a936f1094: ;   {internal_word}
  0x0000026a936f1094: 49ba 9110 | 6f93 6a02 | 0000 4d89 | 97a0 0300 | 0049 89a7 | 9803 0000 

  0x0000026a936f10ac: ;   {external_word}
  0x0000026a936f10ac: 49ba ee10 | d4fe fc7f | 0000 4180 | 3a00 0f84 | 4e00 0000 | 5241 5041 

  0x0000026a936f10c4: ;   {metadata({method} {0x0000026aa3afa540} 'defineClass1' '(Ljava/lang/ClassLoader;Ljava/lang/String;[BIILjava/security/ProtectionDomain;Ljava/lang/String;)Ljava/lang/Class;' in 'java/lang/ClassLoader')}
  0x0000026a936f10c4: 5148 ba38 | a5af a36a | 0200 0049 | 8bcf 4883 | ec20 40f6 | c40f 0f84 | 1900 0000 | 4883 ec08 
  0x0000026a936f10e4: ;   {runtime_call}
  0x0000026a936f10e4: 48b8 6037 | 7dfe fc7f | 0000 ffd0 | 4883 c408 | e90c 0000 

  0x0000026a936f10f8: ;   {runtime_call}
  0x0000026a936f10f8: 0048 b860 | 377d fefc | 7f00 00ff | d048 83c4 | 2041 5941 | 585a 498d | 8fb8 0300 | 0041 c787 
  0x0000026a936f1118: 4404 0000 | 0400 0000 

  0x0000026a936f1120: ;   {runtime_call}
  0x0000026a936f1120: 48b8 ac16 | 30da fd7f | 0000 ffd0 | c5f8 7741 | c787 4404 | 0000 0500 | 0000 f083 | 4424 c000 
  0x0000026a936f1140: 493b af48 | 0400 000f | 870e 0000 | 0041 83bf | 4004 0000 | 000f 842b | 0000 00c5 | f877 4889 
  0x0000026a936f1160: 45f8 498b | cf4c 8be4 | 4883 ec20 | 4883 e4f0 

  0x0000026a936f1170: ;   {runtime_call}
  0x0000026a936f1170: 48b8 40ff | 47fe fc7f | 0000 ffd0 | 498b e44d | 33e4 488b | 45f8 41c7 | 8744 0400 | 0008 0000 
  0x0000026a936f1190: 0041 83bf | c004 0000 | 020f 84d5 

  0x0000026a936f119c: ;   {external_word}
  0x0000026a936f119c: 0100 0049 | baee 10d4 | fefc 7f00 | 0041 803a | 000f 844c | 0000 0048 

  0x0000026a936f11b4: ;   {metadata({method} {0x0000026aa3afa540} 'defineClass1' '(Ljava/lang/ClassLoader;Ljava/lang/String;[BIILjava/security/ProtectionDomain;Ljava/lang/String;)Ljava/lang/Class;' in 'java/lang/ClassLoader')}
  0x0000026a936f11b4: 8945 f848 | ba38 a5af | a36a 0200 | 0049 8bcf | 4883 ec20 | 40f6 c40f | 0f84 1900 | 0000 4883 
  0x0000026a936f11d4: ;   {runtime_call}
  0x0000026a936f11d4: ec08 48b8 | 6037 7dfe | fc7f 0000 | ffd0 4883 | c408 e90c 

  0x0000026a936f11e8: ;   {runtime_call}
  0x0000026a936f11e8: 0000 0048 | b860 377d | fefc 7f00 | 00ff d048 | 83c4 2048 | 8b45 f849 | c787 9803 | 0000 0000 
  0x0000026a936f1208: 0000 49c7 | 87a0 0300 | 0000 0000 | 00c5 f877 | 4885 c00f | 8430 0100 | 00a8 030f | 8508 0000 
  0x0000026a936f1228: 0048 8b00 | e920 0100 | 00a8 010f | 8509 0000 | 0048 8b40 | fee9 0f01 | 0000 488b | 40ff 4180 
  0x0000026a936f1248: 7f40 000f | 8400 0100 | 0048 83f8 | 000f 84f6 | 0000 0049 | 8b4f 2848 | 83f9 000f | 8414 0000 
  0x0000026a936f1268: 0048 83e9 | 0849 894f | 2849 034f | 3848 8901 | e9d4 0000 | 0048 83ec | 7048 8904 | 2448 894c 
  0x0000026a936f1288: 2408 4889 | 5424 104c | 8944 2418 | 4c89 4c24 | 204c 8954 | 2428 4c89 | 5c24 30c5 | fb11 4424 
  0x0000026a936f12a8: 40c5 fb11 | 4c24 48c5 | fb11 5424 | 50c5 fb11 | 5c24 58c5 | fb11 6424 | 60c5 fb11 | 6c24 6849 
  0x0000026a936f12c8: 8bd7 488b | c848 83ec | 2040 f6c4 | 0f0f 8419 | 0000 0048 

  0x0000026a936f12dc: ;   {runtime_call}
  0x0000026a936f12dc: 83ec 0848 | b8d0 053b | fefc 7f00 | 00ff d048 | 83c4 08e9 | 0c00 0000 

  0x0000026a936f12f4: ;   {runtime_call}
  0x0000026a936f12f4: 48b8 d005 | 3bfe fc7f | 0000 ffd0 | 4883 c420 | c5fb 106c | 2468 c5fb | 1064 2460 | c5fb 105c 
  0x0000026a936f1314: 2458 c5fb | 1054 2450 | c5fb 104c | 2448 c5fb | 1044 2440 | 4c8b 5c24 | 304c 8b54 | 2428 4c8b 
  0x0000026a936f1334: 4c24 204c | 8b44 2418 | 488b 5424 | 1048 8b4c | 2408 488b | 0424 4883 | c470 c5f8 | 7749 8b8f 
  0x0000026a936f1354: 2804 0000 | c781 0001 | 0000 0000 | 0000 c949 | 837f 0800 | 0f85 0100 

  0x0000026a936f136c: ;   {runtime_call StubRoutines (initial stubs)}
  0x0000026a936f136c: 0000 c3e9 | 8cfb a3ff | c5f8 7748 | 8945 f84c | 8be4 4883 | ec20 4883 

  0x0000026a936f1384: ;   {runtime_call}
  0x0000026a936f1384: e4f0 48b8 | b06e 7dfe | fc7f 0000 | ffd0 498b | e44d 33e4 | 488b 45f8 | e9fe fdff | fff4 f4f4 
  0x0000026a936f13a4: f4f4 f4f4 
[/MachCode]


Compiled method (c1) 568  598       3       java.lang.ClassLoader::defineClass (43 bytes)
 total in heap  [0x0000026a8bcf6c10,0x0000026a8bcf7588] = 2424
 relocation     [0x0000026a8bcf6d70,0x0000026a8bcf6e10] = 160
 main code      [0x0000026a8bcf6e20,0x0000026a8bcf72c0] = 1184
 stub code      [0x0000026a8bcf72c0,0x0000026a8bcf7338] = 120
 metadata       [0x0000026a8bcf7338,0x0000026a8bcf7378] = 64
 scopes data    [0x0000026a8bcf7378,0x0000026a8bcf7468] = 240
 scopes pcs     [0x0000026a8bcf7468,0x0000026a8bcf7548] = 224
 dependencies   [0x0000026a8bcf7548,0x0000026a8bcf7560] = 24
 nul chk table  [0x0000026a8bcf7560,0x0000026a8bcf7588] = 40

[Constant Pool (empty)]

[MachCode]
[Entry Point]
  # {method} {0x0000026aa3afa8d0} 'defineClass' '(Ljava/lang/String;[BIILjava/security/ProtectionDomain;)Ljava/lang/Class;' in 'java/lang/ClassLoader'
  # this:     rdx:rdx   = 'java/lang/ClassLoader'
  # parm0:    r8:r8     = 'java/lang/String'
  # parm1:    r9:r9     = '[B'
  # parm2:    rdi       = int
  # parm3:    rsi       = int
  # parm4:    rcx:rcx   = 'java/security/ProtectionDomain'
  #           [sp+0xc0]  (sp of caller)
  0x0000026a8bcf6e20: 448b 5208 | 49bb 0000 | 00a3 6a02 | 0000 4d03 | d34c 3bd0 

  0x0000026a8bcf6e34: ;   {runtime_call ic_miss_stub}
  0x0000026a8bcf6e34: 0f85 4679 | 4807 660f | 1f44 0000 
[Verified Entry Point]
  0x0000026a8bcf6e40: 8984 2400 | 80ff ff55 | 4881 ecb0 | 0000 0090 | 4181 7f20 | 0100 0000 

  0x0000026a8bcf6e58: ;   {runtime_call StubRoutines (final stubs)}
  0x0000026a8bcf6e58: 7405 e881 | f646 0748 | 8954 2478 

  0x0000026a8bcf6e64: ;   {metadata(method data for {method} {0x0000026aa3afa8d0} 'defineClass' '(Ljava/lang/String;[BIILjava/security/ProtectionDomain;)Ljava/lang/Class;' in 'java/lang/ClassLoader')}
  0x0000026a8bcf6e64: 48bb 681d | 0be5 6a02 | 0000 8b83 | cc00 0000 | 83c0 0289 | 83cc 0000 | 0025 fe07 | 0000 85c0 
  0x0000026a8bcf6e84: 0f84 5803 | 0000 89b4 | 2494 0000 | 0089 bc24 | 9000 0000 | 4c89 8c24 | 8800 0000 

  0x0000026a8bcf6ea0: ;   {metadata(method data for {method} {0x0000026aa3afa8d0} 'defineClass' '(Ljava/lang/String;[BIILjava/security/ProtectionDomain;)Ljava/lang/Class;' in 'java/lang/ClassLoader')}
  0x0000026a8bcf6ea0: 488b da48 | b868 1d0b | e56a 0200 | 0048 8380 | 1001 0000 | 0149 8bd8 | 4c8b c34c | 8bc9 488b 
  0x0000026a8bcf6ec0: ca48 8bd1 | 4889 9c24 | 8000 0000 

  0x0000026a8bcf6ecc: ;   {optimized virtual_call}
  0x0000026a8bcf6ecc: 6666 90e8 

  0x0000026a8bcf6ed0: ; ImmutableOopMap {[120]=Oop [128]=Oop [136]=Oop }
                      ;*invokevirtual preDefineClass {reexecute=0 rethrow=0 return_oop=0}
                      ; - java.lang.ClassLoader::defineClass@4 (line 1025)
  0x0000026a8bcf6ed0: cc0a 0000 

  0x0000026a8bcf6ed4: ;   {other}
  0x0000026a8bcf6ed4: 0f1f 8400 | c402 0000 | 4889 8424 | 9800 0000 | 488b 5424 

  0x0000026a8bcf6ee8: ;   {metadata(method data for {method} {0x0000026aa3afa8d0} 'defineClass' '(Ljava/lang/String;[BIILjava/security/ProtectionDomain;)Ljava/lang/Class;' in 'java/lang/ClassLoader')}
  0x0000026a8bcf6ee8: 7849 b868 | 1d0b e56a | 0200 0049 | 8380 4801 

  0x0000026a8bcf6ef8: ;   {metadata(method data for {method} {0x0000026aa3afa5c0} 'defineClassSourceLocation' '(Ljava/security/ProtectionDomain;)Ljava/lang/String;' in 'java/lang/ClassLoader')}
  0x0000026a8bcf6ef8: 0000 0149 | b800 290b | e56a 0200 | 0041 8b90 | cc00 0000 | 83c2 0241 | 8990 cc00 | 0000 81e2 
  0x0000026a8bcf6f18: feff 1f00 | 85d2 0f84 | df02 0000 

  0x0000026a8bcf6f24: ; implicit exception: dispatches to 0x0000026a8bcf7224
  0x0000026a8bcf6f24: 483b 004c 

  0x0000026a8bcf6f28: ;   {metadata(method data for {method} {0x0000026aa3afa5c0} 'defineClassSourceLocation' '(Ljava/security/ProtectionDomain;)Ljava/lang/String;' in 'java/lang/ClassLoader')}
  0x0000026a8bcf6f28: 8bc0 48ba | 0029 0be5 | 6a02 0000 | 4883 8210 | 0100 0001 | 448b 4010 | 49c1 e003 

  0x0000026a8bcf6f44: ;   {metadata(method data for {method} {0x0000026aa3afa5c0} 'defineClassSourceLocation' '(Ljava/security/ProtectionDomain;)Ljava/lang/String;' in 'java/lang/ClassLoader')}
  0x0000026a8bcf6f44: 4d85 c048 | ba00 290b | e56a 0200 | 0048 c7c6 | 5801 0000 | 7507 48c7 | c648 0100 | 0048 8b3c 
  0x0000026a8bcf6f64: 3248 8d7f | 0148 893c | 320f 850f 

  0x0000026a8bcf6f70: ;   {oop(nullptr)}
  0x0000026a8bcf6f70: 0000 0048 | bb00 0000 | 0000 0000 | 00e9 a501 | 0000 493b | 0049 8bd0 

  0x0000026a8bcf6f88: ;   {metadata(method data for {method} {0x0000026aa3afa5c0} 'defineClassSourceLocation' '(Ljava/security/ProtectionDomain;)Ljava/lang/String;' in 'java/lang/ClassLoader')}
  0x0000026a8bcf6f88: 48be 0029 | 0be5 6a02 | 0000 4883 | 8668 0100 | 0001 418b | 500c 48c1 | e203 4885 

  0x0000026a8bcf6fa4: ;   {metadata(method data for {method} {0x0000026aa3afa5c0} 'defineClassSourceLocation' '(Ljava/security/ProtectionDomain;)Ljava/lang/String;' in 'java/lang/ClassLoader')}
  0x0000026a8bcf6fa4: d248 be00 | 290b e56a | 0200 0048 | c7c7 b001 | 0000 7507 | 48c7 c7a0 | 0100 0048 | 8b1c 3e48 
  0x0000026a8bcf6fc4: 8d5b 0148 | 891c 3e0f | 850f 0000 

  0x0000026a8bcf6fd0: ;   {oop(nullptr)}
  0x0000026a8bcf6fd0: 0048 bb00 | 0000 0000 | 0000 00e9 | 4701 0000 

  0x0000026a8bcf6fe0: ;   {metadata(method data for {method} {0x0000026aa3afa5c0} 'defineClassSourceLocation' '(Ljava/security/ProtectionDomain;)Ljava/lang/String;' in 'java/lang/ClassLoader')}
  0x0000026a8bcf6fe0: 48be 0029 | 0be5 6a02 | 0000 4883 | 86c0 0100 | 0001 483b | 024c 8bc2 

  0x0000026a8bcf6ff8: ;   {metadata(method data for {method} {0x0000026aa3afa5c0} 'defineClassSourceLocation' '(Ljava/security/ProtectionDomain;)Ljava/lang/String;' in 'java/lang/ClassLoader')}
  0x0000026a8bcf6ff8: 48be 0029 | 0be5 6a02 | 0000 4883 | 86f8 0100 

  0x0000026a8bcf7008: ;   {metadata(method data for {method} {0x0000026aa301f068} 'toString' '()Ljava/lang/String;' in 'java/net/URL')}
  0x0000026a8bcf7008: 0001 49b8 | d035 09e5 | 6a02 0000 | 418b b0cc | 0000 0083 | c602 4189 | b0cc 0000 | 0081 e6fe 
  0x0000026a8bcf7028: ff1f 0085 | f60f 8400 | 0200 004c 

  0x0000026a8bcf7034: ;   {metadata(method data for {method} {0x0000026aa301f068} 'toString' '()Ljava/lang/String;' in 'java/net/URL')}
  0x0000026a8bcf7034: 8bc2 48be | d035 09e5 | 6a02 0000 | 4883 8610 | 0100 0001 

  0x0000026a8bcf7048: ;   {metadata(method data for {method} {0x0000026aa3aec570} 'toExternalForm' '()Ljava/lang/String;' in 'java/net/URL')}
  0x0000026a8bcf7048: 49b8 5837 | 09e5 6a02 | 0000 418b | b0cc 0000 | 0083 c602 | 4189 b0cc | 0000 0081 | e6fe ff1f 
  0x0000026a8bcf7068: 0085 f60f | 84e3 0100 | 008b 7238 | 48c1 e603 

  0x0000026a8bcf7078: ; implicit exception: dispatches to 0x0000026a8bcf7275
  0x0000026a8bcf7078: 483b 064c 

  0x0000026a8bcf707c: ;   {metadata(method data for {method} {0x0000026aa3aec570} 'toExternalForm' '()Ljava/lang/String;' in 'java/net/URL')}
  0x0000026a8bcf707c: 8bc6 48bf | 5837 09e5 | 6a02 0000 | 458b 4008 | 49ba 0000 | 00a3 6a02 | 0000 4d03 | c24c 3b87 
  0x0000026a8bcf709c: 2001 0000 | 750d 4883 | 8728 0100 | 0001 e960 | 0000 004c | 3b87 3001 | 0000 750d | 4883 8738 
  0x0000026a8bcf70bc: 0100 0001 | e94a 0000 | 0048 83bf | 2001 0000 | 0075 174c | 8987 2001 | 0000 48c7 | 8728 0100 
  0x0000026a8bcf70dc: 0001 0000 | 00e9 2900 | 0000 4883 | bf30 0100 | 0000 7517 | 4c89 8730 | 0100 0048 | c787 3801 
  0x0000026a8bcf70fc: 0000 0100 | 0000 e908 | 0000 0048 | 8387 1001 | 0000 014c | 8bc2 488b 

  0x0000026a8bcf7114: ;   {optimized virtual_call}
  0x0000026a8bcf7114: d666 90e8 

  0x0000026a8bcf7118: ; ImmutableOopMap {[120]=Oop [128]=Oop [136]=Oop [152]=Oop }
                      ;*invokevirtual toExternalForm {reexecute=0 rethrow=0 return_oop=0}
                      ; - java.net.URL::toExternalForm@5 (line 1203)
                      ; - java.net.URL::toString@1 (line 1189)
                      ; - java.lang.ClassLoader::defineClassSourceLocation@22 (line 927)
                      ; - java.lang.ClassLoader::defineClass@12 (line 1026)
  0x0000026a8bcf7118: 8442 fdff 

  0x0000026a8bcf711c: ;   {other}
  0x0000026a8bcf711c: 0f1f 8400 | 0c05 0001 | 488b d848 | 8b84 2498 | 0000 008b | b424 9400 | 0000 8bbc | 2490 0000 
  0x0000026a8bcf713c: 004c 8b8c | 2488 0000 | 004c 8b84 | 2480 0000 | 0048 8b54 

  0x0000026a8bcf7150: ;   {metadata(method data for {method} {0x0000026aa3afa8d0} 'defineClass' '(Ljava/lang/String;[BIILjava/security/ProtectionDomain;)Ljava/lang/Class;' in 'java/lang/ClassLoader')}
  0x0000026a8bcf7150: 2478 48b9 | 681d 0be5 | 6a02 0000 | 4883 8180 | 0100 0001 | 4c8b da49 | 8bd3 488b | c848 891c 
  0x0000026a8bcf7170: 2466 0f1f 

  0x0000026a8bcf7174: ;   {static_call}
  0x0000026a8bcf7174: 4400 00e8 

  0x0000026a8bcf7178: ; ImmutableOopMap {[120]=Oop [152]=Oop }
                      ;*invokestatic defineClass1 {reexecute=0 rethrow=0 return_oop=0}
                      ; - java.lang.ClassLoader::defineClass@27 (line 1027)
  0x0000026a8bcf7178: 649e 9f07 

  0x0000026a8bcf717c: ;   {other}
  0x0000026a8bcf717c: 0f1f 8400 | 6c05 0002 | 488b 5424 

  0x0000026a8bcf7188: ;   {metadata(method data for {method} {0x0000026aa3afa8d0} 'defineClass' '(Ljava/lang/String;[BIILjava/security/ProtectionDomain;)Ljava/lang/Class;' in 'java/lang/ClassLoader')}
  0x0000026a8bcf7188: 7849 b868 | 1d0b e56a | 0200 0049 | 8380 9001 | 0000 014c | 8bc0 4c8b | 8c24 9800 | 0000 488b 
  0x0000026a8bcf71a8: 5424 7848 | 8984 24a0 | 0000 000f 

  0x0000026a8bcf71b4: ;   {optimized virtual_call}
  0x0000026a8bcf71b4: 1f40 00e8 

  0x0000026a8bcf71b8: ; ImmutableOopMap {[160]=Oop }
                      ;*invokevirtual postDefineClass {reexecute=0 rethrow=0 return_oop=0}
                      ; - java.lang.ClassLoader::defineClass@37 (line 1028)
  0x0000026a8bcf71b8: 6440 0000 

  0x0000026a8bcf71bc: ;   {other}
  0x0000026a8bcf71bc: 0f1f 8400 | ac05 0003 | 488b 8424 | a000 0000 | 4881 c4b0 | 0000 005d 

  0x0000026a8bcf71d4: ;   {poll_return}
  0x0000026a8bcf71d4: 493b a748 | 0400 000f | 8799 0000 

  0x0000026a8bcf71e0: ;   {metadata({method} {0x0000026aa3afa8d0} 'defineClass' '(Ljava/lang/String;[BIILjava/security/ProtectionDomain;)Ljava/lang/Class;' in 'java/lang/ClassLoader')}
  0x0000026a8bcf71e0: 00c3 49ba | c8a8 afa3 | 6a02 0000 | 4c89 5424 | 0848 c704 | 24ff ffff 

  0x0000026a8bcf71f8: ;   {runtime_call counter_overflow Runtime1 stub}
  0x0000026a8bcf71f8: ffe8 02b9 

  0x0000026a8bcf71fc: ; ImmutableOopMap {rdx=Oop r8=Oop r9=Oop rcx=Oop [120]=Oop }
                      ;*synchronization entry
                      ; - java.lang.ClassLoader::defineClass@-1 (line 1025)
  0x0000026a8bcf71fc: 5407 e987 

  0x0000026a8bcf7200: ;   {metadata({method} {0x0000026aa3afa5c0} 'defineClassSourceLocation' '(Ljava/security/ProtectionDomain;)Ljava/lang/String;' in 'java/lang/ClassLoader')}
  0x0000026a8bcf7200: fcff ff49 | bab8 a5af | a36a 0200 | 004c 8954 | 2408 48c7 | 0424 ffff 

  0x0000026a8bcf7218: ;   {runtime_call counter_overflow Runtime1 stub}
  0x0000026a8bcf7218: ffff e8e1 

  0x0000026a8bcf721c: ; ImmutableOopMap {rax=Oop [120]=Oop [128]=Oop [136]=Oop [152]=Oop }
                      ;*synchronization entry
                      ; - java.lang.ClassLoader::defineClassSourceLocation@-1 (line 924)
                      ; - java.lang.ClassLoader::defineClass@12 (line 1026)
  0x0000026a8bcf721c: b854 07e9 | 00fd ffff 

  0x0000026a8bcf7224: ;   {runtime_call throw_null_pointer_exception Runtime1 stub}
  0x0000026a8bcf7224: e8d7 5a54 

  0x0000026a8bcf7228: ; ImmutableOopMap {rax=Oop [120]=Oop [128]=Oop [136]=Oop [152]=Oop }
                      ;*invokevirtual getCodeSource {reexecute=0 rethrow=0 return_oop=0}
                      ; - java.lang.ClassLoader::defineClassSourceLocation@1 (line 924)
                      ; - java.lang.ClassLoader::defineClass@12 (line 1026)
                      ;   {runtime_call throw_null_pointer_exception Runtime1 stub}
  0x0000026a8bcf7228: 07e8 d25a 

  0x0000026a8bcf722c: ; ImmutableOopMap {rax=Oop r8=Oop [120]=Oop [128]=Oop [136]=Oop [152]=Oop }
                      ;*invokevirtual getLocation {reexecute=0 rethrow=0 return_oop=0}
                      ; - java.lang.ClassLoader::defineClassSourceLocation@12 (line 926)
                      ; - java.lang.ClassLoader::defineClass@12 (line 1026)
                      ;   {runtime_call throw_null_pointer_exception Runtime1 stub}
  0x0000026a8bcf722c: 5407 e8cd 

  0x0000026a8bcf7230: ; ImmutableOopMap {rdx=Oop [120]=Oop [128]=Oop [136]=Oop [152]=Oop }
                      ;*invokevirtual toString {reexecute=0 rethrow=0 return_oop=0}
                      ; - java.lang.ClassLoader::defineClassSourceLocation@22 (line 927)
                      ; - java.lang.ClassLoader::defineClass@12 (line 1026)
                      ;   {metadata({method} {0x0000026aa301f068} 'toString' '()Ljava/lang/String;' in 'java/net/URL')}
  0x0000026a8bcf7230: 5a54 0749 | ba60 f001 | a36a 0200 | 004c 8954 | 2408 48c7 | 0424 ffff 

  0x0000026a8bcf7248: ;   {runtime_call counter_overflow Runtime1 stub}
  0x0000026a8bcf7248: ffff e8b1 

  0x0000026a8bcf724c: ; ImmutableOopMap {rdx=Oop [120]=Oop [128]=Oop [136]=Oop [152]=Oop }
                      ;*synchronization entry
                      ; - java.net.URL::toString@-1 (line 1189)
                      ; - java.lang.ClassLoader::defineClassSourceLocation@22 (line 927)
                      ; - java.lang.ClassLoader::defineClass@12 (line 1026)
  0x0000026a8bcf724c: b854 07e9 | dffd ffff 

  0x0000026a8bcf7254: ;   {metadata({method} {0x0000026aa3aec570} 'toExternalForm' '()Ljava/lang/String;' in 'java/net/URL')}
  0x0000026a8bcf7254: 49ba 68c5 | aea3 6a02 | 0000 4c89 | 5424 0848 | c704 24ff 

  0x0000026a8bcf7268: ;   {runtime_call counter_overflow Runtime1 stub}
  0x0000026a8bcf7268: ffff ffe8 

  0x0000026a8bcf726c: ; ImmutableOopMap {rdx=Oop [120]=Oop [128]=Oop [136]=Oop [152]=Oop }
                      ;*synchronization entry
                      ; - java.net.URL::toExternalForm@-1 (line 1203)
                      ; - java.net.URL::toString@1 (line 1189)
                      ; - java.lang.ClassLoader::defineClassSourceLocation@22 (line 927)
                      ; - java.lang.ClassLoader::defineClass@12 (line 1026)
  0x0000026a8bcf726c: 90b8 5407 | e9fc fdff 

  0x0000026a8bcf7274: ;   {runtime_call throw_null_pointer_exception Runtime1 stub}
  0x0000026a8bcf7274: ffe8 865a 

  0x0000026a8bcf7278: ; ImmutableOopMap {rdx=Oop rsi=Oop [120]=Oop [128]=Oop [136]=Oop [152]=Oop }
                      ;*invokevirtual toExternalForm {reexecute=0 rethrow=0 return_oop=0}
                      ; - java.net.URL::toExternalForm@5 (line 1203)
                      ; - java.net.URL::toString@1 (line 1189)
                      ; - java.lang.ClassLoader::defineClassSourceLocation@22 (line 927)
                      ; - java.lang.ClassLoader::defineClass@12 (line 1026)
                      ;   {internal_word}
  0x0000026a8bcf7278: 5407 49ba | d471 cf8b | 6a02 0000 | 4d89 9760 

  0x0000026a8bcf7288: ;   {runtime_call SafepointBlob}
  0x0000026a8bcf7288: 0400 00e9 | f0e1 4807 | 498b 87f8 | 0400 0049 | c787 f804 | 0000 0000 | 0000 49c7 | 8700 0500 
  0x0000026a8bcf72a8: 0000 0000 | 0048 81c4 | b000 0000 

  0x0000026a8bcf72b4: ;   {runtime_call unwind_exception Runtime1 stub}
  0x0000026a8bcf72b4: 5de9 464b | 5407 f4f4 | f4f4 f4f4 
[Stub Code]
  0x0000026a8bcf72c0: ;   {no_reloc}
  0x0000026a8bcf72c0: 0f1f 4400 

  0x0000026a8bcf72c4: ;   {static_stub}
  0x0000026a8bcf72c4: 0048 bb00 | 0000 0000 

  0x0000026a8bcf72cc: ;   {runtime_call nmethod}
  0x0000026a8bcf72cc: 0000 00e9 | fbff ffff 

  0x0000026a8bcf72d4: ;   {static_stub}
  0x0000026a8bcf72d4: 48bb 28a6 | afa3 6a02 

  0x0000026a8bcf72dc: ;   {runtime_call I2C/C2I adapters}
  0x0000026a8bcf72dc: 0000 e988 

  0x0000026a8bcf72e0: ;   {static_stub}
  0x0000026a8bcf72e0: 3b48 0748 | bb00 0000 | 0000 0000 

  0x0000026a8bcf72ec: ;   {runtime_call nmethod}
  0x0000026a8bcf72ec: 00e9 fbff 

  0x0000026a8bcf72f0: ;   {static_stub}
  0x0000026a8bcf72f0: ffff 48bb | c8a4 afa3 | 6a02 0000 

  0x0000026a8bcf72fc: ;   {runtime_call I2C/C2I adapters}
  0x0000026a8bcf72fc: e96a 3b48 

  0x0000026a8bcf7300: ;   {runtime_call handle_exception_from_callee Runtime1 stub}
  0x0000026a8bcf7300: 07e8 fa7b 

  0x0000026a8bcf7304: ;   {external_word}
  0x0000026a8bcf7304: 5407 48b9 | 50e7 a9fe | fc7f 0000 | 4883 e4f0 

  0x0000026a8bcf7314: ;   {runtime_call}
  0x0000026a8bcf7314: 48b8 b0f5 | 6bfe fc7f | 0000 ffd0 

  0x0000026a8bcf7320: ;   {section_word}
  0x0000026a8bcf7320: f449 ba21 | 73cf 8b6a | 0200 0041 

  0x0000026a8bcf732c: ;   {runtime_call DeoptimizationBlob}
  0x0000026a8bcf732c: 52e9 eed3 | 4807 f4f4 | f4f4 f4f4 
[/MachCode]


Compiled method (c1) 575  795       3       java.security.SecureClassLoader::defineClass (16 bytes)
 total in heap  [0x0000026a8bd5b010,0x0000026a8bd5b410] = 1024
 relocation     [0x0000026a8bd5b170,0x0000026a8bd5b1c0] = 80
 main code      [0x0000026a8bd5b1c0,0x0000026a8bd5b318] = 344
 stub code      [0x0000026a8bd5b318,0x0000026a8bd5b368] = 80
 metadata       [0x0000026a8bd5b368,0x0000026a8bd5b370] = 8
 scopes data    [0x0000026a8bd5b370,0x0000026a8bd5b3b8] = 72
 scopes pcs     [0x0000026a8bd5b3b8,0x0000026a8bd5b408] = 80
 dependencies   [0x0000026a8bd5b408,0x0000026a8bd5b410] = 8

[Constant Pool (empty)]

[MachCode]
[Entry Point]
  # {method} {0x0000026aa3059ef0} 'defineClass' '(Ljava/lang/String;[BIILjava/security/CodeSource;)Ljava/lang/Class;' in 'java/security/SecureClassLoader'
  # this:     rdx:rdx   = 'java/security/SecureClassLoader'
  # parm0:    r8:r8     = 'java/lang/String'
  # parm1:    r9:r9     = '[B'
  # parm2:    rdi       = int
  # parm3:    rsi       = int
  # parm4:    rcx:rcx   = 'java/security/CodeSource'
  #           [sp+0x80]  (sp of caller)
  0x0000026a8bd5b1c0: 448b 5208 | 49bb 0000 | 00a3 6a02 | 0000 4d03 | d34c 3bd0 

  0x0000026a8bd5b1d4: ;   {runtime_call ic_miss_stub}
  0x0000026a8bd5b1d4: 0f85 a635 | 4207 660f | 1f44 0000 
[Verified Entry Point]
  0x0000026a8bd5b1e0: 8984 2400 | 80ff ff55 | 4883 ec70 | 4181 7f20 | 0100 0000 

  0x0000026a8bd5b1f4: ;   {runtime_call StubRoutines (final stubs)}
  0x0000026a8bd5b1f4: 7405 e8e5 

  0x0000026a8bd5b1f8: ;   {metadata(method data for {method} {0x0000026aa3059ef0} 'defineClass' '(Ljava/lang/String;[BIILjava/security/CodeSource;)Ljava/lang/Class;' in 'java/security/SecureClassLoader')}
  0x0000026a8bd5b1f8: b240 0748 | bbe8 e50a | e56a 0200 | 008b 83cc | 0000 0083 | c002 8983 | cc00 0000 | 25fe 0700 
  0x0000026a8bd5b218: 0085 c00f | 8496 0000 | 0089 7424 | 5c89 7c24 | 584c 894c | 2450 4c89 | 4424 4848 

  0x0000026a8bd5b234: ;   {metadata(method data for {method} {0x0000026aa3059ef0} 'defineClass' '(Ljava/lang/String;[BIILjava/security/CodeSource;)Ljava/lang/Class;' in 'java/security/SecureClassLoader')}
  0x0000026a8bd5b234: 8bda 48b8 | e8e5 0ae5 | 6a02 0000 | 4883 8010 | 0100 0001 | 4c8b c148 | 8bc2 488b | d048 8944 
  0x0000026a8bd5b254: ;   {optimized virtual_call}
  0x0000026a8bd5b254: 2440 90e8 

  0x0000026a8bd5b258: ; ImmutableOopMap {[64]=Oop [72]=Oop [80]=Oop }
                      ;*invokevirtual getProtectionDomain {reexecute=0 rethrow=0 return_oop=0}
                      ; - java.security.SecureClassLoader::defineClass@9 (line 150)
  0x0000026a8bd5b258: 44a3 f9ff 

  0x0000026a8bd5b25c: ;   {other}
  0x0000026a8bd5b25c: 0f1f 8400 | 4c02 0000 | 488b 5424 

  0x0000026a8bd5b268: ;   {metadata(method data for {method} {0x0000026aa3059ef0} 'defineClass' '(Ljava/lang/String;[BIILjava/security/CodeSource;)Ljava/lang/Class;' in 'java/security/SecureClassLoader')}
  0x0000026a8bd5b268: 4049 b8e8 | e50a e56a | 0200 0049 | 8380 4801 | 0000 014c | 8b44 2448 | 4c8b 4c24 | 508b 7c24 
  0x0000026a8bd5b288: 588b 7424 | 5c48 8bc8 | 488b 5424 

  0x0000026a8bd5b294: ;   {optimized virtual_call}
  0x0000026a8bd5b294: 4066 90e8 

  0x0000026a8bd5b298: ; ImmutableOopMap {}
                      ;*invokevirtual defineClass {reexecute=0 rethrow=0 return_oop=0}
                      ; - java.security.SecureClassLoader::defineClass@12 (line 150)
  0x0000026a8bd5b298: a4bb f9ff 

  0x0000026a8bd5b29c: ;   {other}
  0x0000026a8bd5b29c: 0f1f 8400 | 8c02 0001 | 4883 c470 

  0x0000026a8bd5b2a8: ;   {poll_return}
  0x0000026a8bd5b2a8: 5d49 3ba7 | 4804 0000 | 0f87 2200 

  0x0000026a8bd5b2b4: ;   {metadata({method} {0x0000026aa3059ef0} 'defineClass' '(Ljava/lang/String;[BIILjava/security/CodeSource;)Ljava/lang/Class;' in 'java/security/SecureClassLoader')}
  0x0000026a8bd5b2b4: 0000 c349 | bae8 9e05 | a36a 0200 | 004c 8954 | 2408 48c7 | 0424 ffff 

  0x0000026a8bd5b2cc: ;   {runtime_call counter_overflow Runtime1 stub}
  0x0000026a8bd5b2cc: ffff e82d 

  0x0000026a8bd5b2d0: ; ImmutableOopMap {rdx=Oop r8=Oop r9=Oop rcx=Oop }
                      ;*synchronization entry
                      ; - java.security.SecureClassLoader::defineClass@-1 (line 150)
  0x0000026a8bd5b2d0: 784e 07e9 | 49ff ffff 

  0x0000026a8bd5b2d8: ;   {internal_word}
  0x0000026a8bd5b2d8: 49ba a9b2 | d58b 6a02 | 0000 4d89 | 9760 0400 

  0x0000026a8bd5b2e8: ;   {runtime_call SafepointBlob}
  0x0000026a8bd5b2e8: 00e9 92a1 | 4207 498b | 87f8 0400 | 0049 c787 | f804 0000 | 0000 0000 | 49c7 8700 | 0500 0000 
  0x0000026a8bd5b308: 0000 0048 | 83c4 705d 

  0x0000026a8bd5b310: ;   {runtime_call unwind_exception Runtime1 stub}
  0x0000026a8bd5b310: e9eb 0a4e | 07f4 f4f4 
[Stub Code]
  0x0000026a8bd5b318: ;   {no_reloc}
  0x0000026a8bd5b318: 48bb 0000 | 0000 0000 

  0x0000026a8bd5b320: ;   {runtime_call nmethod}
  0x0000026a8bd5b320: 0000 e9fb 

  0x0000026a8bd5b324: ;   {static_stub}
  0x0000026a8bd5b324: ffff ff48 | bb00 0000 | 0000 0000 

  0x0000026a8bd5b330: ;   {runtime_call nmethod}
  0x0000026a8bd5b330: 00e9 fbff 

  0x0000026a8bd5b334: ;   {runtime_call handle_exception_from_callee Runtime1 stub}
  0x0000026a8bd5b334: ffff e8c5 

  0x0000026a8bd5b338: ;   {external_word}
  0x0000026a8bd5b338: 3b4e 0748 | b950 e7a9 | fefc 7f00 | 0048 83e4 

  0x0000026a8bd5b348: ;   {runtime_call}
  0x0000026a8bd5b348: f048 b8b0 | f56b fefc | 7f00 00ff 

  0x0000026a8bd5b354: ;   {section_word}
  0x0000026a8bd5b354: d0f4 49ba | 56b3 d58b | 6a02 0000 

  0x0000026a8bd5b360: ;   {runtime_call DeoptimizationBlob}
  0x0000026a8bd5b360: 4152 e9b9 | 9342 07f4 
[/MachCode]


---------------  P R O C E S S  ---------------

Threads class SMR info:
_java_thread_list=0x0000026ae9b8def0, length=23, elements={
0x0000026a87baad00, 0x0000026aa2c64ea0, 0x0000026aa2c719a0, 0x0000026aa2c73410,
0x0000026aa2c740d0, 0x0000026aa2c74ec0, 0x0000026aa2c801d0, 0x0000026aa2c80d60,
0x0000026aa2c99720, 0x0000026aa2c925c0, 0x0000026ae91346d0, 0x0000026aa2c92c90,
0x0000026ae9528b40, 0x0000026ae9538eb0, 0x0000026ae953d4d0, 0x0000026ae9836660,
0x0000026ae9732470, 0x0000026ae9733850, 0x0000026ae9733ee0, 0x0000026ae97331c0,
0x0000026ae9734570, 0x0000026ae9734c00, 0x0000026ae9735290
}

Java Threads: ( => current thread )
  0x0000026a87baad00 JavaThread "main"                              [_thread_blocked, id=15688, stack(0x0000009597700000,0x0000009597800000) (1024K)]
  0x0000026aa2c64ea0 JavaThread "Common-Cleaner"             daemon [_thread_blocked, id=18384, stack(0x0000009597f00000,0x0000009598000000) (1024K)]
  0x0000026aa2c719a0 JavaThread "Reference Handler"          daemon [_thread_blocked, id=13188, stack(0x0000009598000000,0x0000009598100000) (1024K)]
  0x0000026aa2c73410 JavaThread "Finalizer"                  daemon [_thread_blocked, id=24660, stack(0x0000009598100000,0x0000009598200000) (1024K)]
  0x0000026aa2c740d0 JavaThread "Signal Dispatcher"          daemon [_thread_blocked, id=12320, stack(0x0000009598200000,0x0000009598300000) (1024K)]
  0x0000026aa2c74ec0 JavaThread "Attach Listener"            daemon [_thread_blocked, id=9876, stack(0x0000009598300000,0x0000009598400000) (1024K)]
  0x0000026aa2c801d0 JavaThread "Service Thread"             daemon [_thread_blocked, id=10292, stack(0x0000009598400000,0x0000009598500000) (1024K)]
  0x0000026aa2c80d60 JavaThread "Monitor Deflation Thread"   daemon [_thread_blocked, id=13732, stack(0x0000009598500000,0x0000009598600000) (1024K)]
  0x0000026aa2c99720 JavaThread "C2 CompilerThread0"         daemon [_thread_blocked, id=6180, stack(0x0000009598600000,0x0000009598700000) (1024K)]
  0x0000026aa2c925c0 JavaThread "C1 CompilerThread0"         daemon [_thread_blocked, id=12964, stack(0x0000009598700000,0x0000009598800000) (1024K)]
  0x0000026ae91346d0 JavaThread "Notification Thread"        daemon [_thread_blocked, id=4108, stack(0x0000009598800000,0x0000009598900000) (1024K)]
  0x0000026aa2c92c90 JavaThread "C2 CompilerThread1"         daemon [_thread_blocked, id=8280, stack(0x0000009598900000,0x0000009598a00000) (1024K)]
  0x0000026ae9528b40 JavaThread "DefaultDispatcher-worker-1" daemon [_thread_blocked, id=7408, stack(0x0000009598a00000,0x0000009598b00000) (1024K)]
=>0x0000026ae9538eb0 JavaThread "DefaultDispatcher-worker-2" daemon [_thread_in_vm, id=14740, stack(0x0000009598b00000,0x0000009598c00000) (1024K)]
  0x0000026ae953d4d0 JavaThread "DefaultDispatcher-worker-3" daemon [_thread_blocked, id=20344, stack(0x0000009598c00000,0x0000009598d00000) (1024K)]
  0x0000026ae9836660 JavaThread "kotlinx.coroutines.DefaultExecutor" daemon [_thread_blocked, id=22468, stack(0x0000009598d00000,0x0000009598e00000) (1024K)]
  0x0000026ae9732470 JavaThread "DefaultDispatcher-worker-4" daemon [_thread_in_native, id=12820, stack(0x0000009598f00000,0x0000009599000000) (1024K)]
  0x0000026ae9733850 JavaThread "DefaultDispatcher-worker-5" daemon [_thread_in_vm, id=18360, stack(0x0000009599000000,0x0000009599100000) (1024K)]
  0x0000026ae9733ee0 JavaThread "DefaultDispatcher-worker-6" daemon [_thread_in_native, id=26260, stack(0x0000009599100000,0x0000009599200000) (1024K)]
  0x0000026ae97331c0 JavaThread "DefaultDispatcher-worker-7" daemon [_thread_blocked, id=12044, stack(0x0000009599200000,0x0000009599300000) (1024K)]
  0x0000026ae9734570 JavaThread "DefaultDispatcher-worker-8" daemon [_thread_blocked, id=24844, stack(0x0000009599b00000,0x0000009599c00000) (1024K)]
  0x0000026ae9734c00 JavaThread "DefaultDispatcher-worker-9" daemon [_thread_blocked, id=24452, stack(0x0000009599c00000,0x0000009599d00000) (1024K)]
  0x0000026ae9735290 JavaThread "DefaultDispatcher-worker-10" daemon [_thread_blocked, id=27044, stack(0x0000009599d00000,0x0000009599e00000) (1024K)]
Total: 23

Other Threads:
  0x0000026aa2c45700 VMThread "VM Thread"                           [id=2504, stack(0x0000009597e00000,0x0000009597f00000) (1024K)]
  0x0000026aa2c334e0 WatcherThread "VM Periodic Task Thread"        [id=17900, stack(0x0000009597d00000,0x0000009597e00000) (1024K)]
  0x0000026a87c121b0 WorkerThread "GC Thread#0"                     [id=692, stack(0x0000009597800000,0x0000009597900000) (1024K)]
  0x0000026ae9b18b60 WorkerThread "GC Thread#1"                     [id=15388, stack(0x0000009599300000,0x0000009599400000) (1024K)]
  0x0000026ae9b17610 WorkerThread "GC Thread#2"                     [id=11880, stack(0x0000009599400000,0x0000009599500000) (1024K)]
  0x0000026ae9b17dc0 WorkerThread "GC Thread#3"                     [id=21828, stack(0x0000009599500000,0x0000009599600000) (1024K)]
  0x0000026ae9b18160 WorkerThread "GC Thread#4"                     [id=1352, stack(0x0000009599600000,0x0000009599700000) (1024K)]
  0x0000026ae9abc570 WorkerThread "GC Thread#5"                     [id=7868, stack(0x0000009599700000,0x0000009599800000) (1024K)]
  0x0000026ae9aaae70 WorkerThread "GC Thread#6"                     [id=13600, stack(0x0000009599800000,0x0000009599900000) (1024K)]
  0x0000026ae9aab210 WorkerThread "GC Thread#7"                     [id=19532, stack(0x0000009599900000,0x0000009599a00000) (1024K)]
  0x0000026ae9aebcf0 WorkerThread "GC Thread#8"                     [id=11480, stack(0x0000009599a00000,0x0000009599b00000) (1024K)]
  0x0000026a87c234f0 ConcurrentGCThread "G1 Main Marker"            [id=3988, stack(0x0000009597900000,0x0000009597a00000) (1024K)]
  0x0000026a87c26120 WorkerThread "G1 Conc#0"                       [id=28348, stack(0x0000009597a00000,0x0000009597b00000) (1024K)]
  0x0000026aa2b08030 ConcurrentGCThread "G1 Refine#0"               [id=8652, stack(0x0000009597b00000,0x0000009597c00000) (1024K)]
  0x0000026aa2b08850 ConcurrentGCThread "G1 Service"                [id=19952, stack(0x0000009597c00000,0x0000009597d00000) (1024K)]
Total: 15

Threads with active compile tasks:
Total: 0

VM state: not at safepoint (normal execution)

VM Mutex/Monitor currently owned by a thread:  ([mutex/lock_event])
[0x00007ffcfed57b30] Metaspace_lock - owner thread: 0x0000026ae9538eb0

Heap address: 0x0000000704a00000, size: 4022 MB, Compressed Oops mode: Zero based, Oop shift amount: 3

CDS archive(s) mapped at: [0x0000026aa3000000-0x0000026aa4c20000-0x0000026aa4c20000), size 29491200, SharedBaseAddress: 0x0000026aa3000000, ArchiveRelocationMode: 1.
Compressed class space mapped at: 0x0000026aa5000000-0x0000026ae5000000, reserved size: 1073741824
Narrow klass base: 0x0000026aa3000000, Narrow klass shift: 0, Narrow klass range: 0x100000000

GC Precious Log:
 CardTable entry size: 512
 Card Set container configuration: InlinePtr #cards 4 size 8 Array Of Cards #cards 16 size 48 Howl #buckets 8 coarsen threshold 3686 Howl Bitmap #cards 512 size 80 coarsen threshold 460 Card regions per heap region 1 cards per card region 4096
 CPUs: 12 total, 12 available
 Memory: 16087M
 Large Page Support: Disabled
 NUMA Support: Disabled
 Compressed Oops: Enabled (Zero based)
 Heap Region Size: 2M
 Heap Min Capacity: 8M
 Heap Initial Capacity: 252M
 Heap Max Capacity: 4022M
 Pre-touch: Disabled
 Parallel Workers: 10
 Concurrent Workers: 3
 Concurrent Refinement Workers: 10
 Periodic GC: Disabled

Heap:
 garbage-first heap   total 258048K, used 9898K [0x0000000704a00000, 0x0000000800000000)
  region size 2048K, 5 young (10240K), 2 survivors (4096K)
 Metaspace       used 8344K, committed 8576K, reserved 1114112K
  class space    used 864K, committed 1024K, reserved 1048576K

Heap Regions: E=young(eden), S=young(survivor), O=old, HS=humongous(starts), HC=humongous(continues), CS=collection set, F=free, TAMS=top-at-mark-start, PB=parsable bottom
|   0|0x0000000704a00000, 0x0000000704c00000, 0x0000000704c00000|100%|HS|  |TAMS 0x0000000704a00000| PB 0x0000000704a00000| Complete 
|   1|0x0000000704c00000, 0x0000000704c00000, 0x0000000704e00000|  0%| F|  |TAMS 0x0000000704c00000| PB 0x0000000704c00000| Untracked 
|   2|0x0000000704e00000, 0x0000000704e00000, 0x0000000705000000|  0%| F|  |TAMS 0x0000000704e00000| PB 0x0000000704e00000| Untracked 
|   3|0x0000000705000000, 0x0000000705000000, 0x0000000705200000|  0%| F|  |TAMS 0x0000000705000000| PB 0x0000000705000000| Untracked 
|   4|0x0000000705200000, 0x0000000705200000, 0x0000000705400000|  0%| F|  |TAMS 0x0000000705200000| PB 0x0000000705200000| Untracked 
|   5|0x0000000705400000, 0x0000000705400000, 0x0000000705600000|  0%| F|  |TAMS 0x0000000705400000| PB 0x0000000705400000| Untracked 
|   6|0x0000000705600000, 0x0000000705600000, 0x0000000705800000|  0%| F|  |TAMS 0x0000000705600000| PB 0x0000000705600000| Untracked 
|   7|0x0000000705800000, 0x0000000705800000, 0x0000000705a00000|  0%| F|  |TAMS 0x0000000705800000| PB 0x0000000705800000| Untracked 
|   8|0x0000000705a00000, 0x0000000705a00000, 0x0000000705c00000|  0%| F|  |TAMS 0x0000000705a00000| PB 0x0000000705a00000| Untracked 
|   9|0x0000000705c00000, 0x0000000705c00000, 0x0000000705e00000|  0%| F|  |TAMS 0x0000000705c00000| PB 0x0000000705c00000| Untracked 
|  10|0x0000000705e00000, 0x0000000705e00000, 0x0000000706000000|  0%| F|  |TAMS 0x0000000705e00000| PB 0x0000000705e00000| Untracked 
|  11|0x0000000706000000, 0x0000000706000000, 0x0000000706200000|  0%| F|  |TAMS 0x0000000706000000| PB 0x0000000706000000| Untracked 
|  12|0x0000000706200000, 0x0000000706200000, 0x0000000706400000|  0%| F|  |TAMS 0x0000000706200000| PB 0x0000000706200000| Untracked 
|  13|0x0000000706400000, 0x0000000706400000, 0x0000000706600000|  0%| F|  |TAMS 0x0000000706400000| PB 0x0000000706400000| Untracked 
|  14|0x0000000706600000, 0x0000000706600000, 0x0000000706800000|  0%| F|  |TAMS 0x0000000706600000| PB 0x0000000706600000| Untracked 
|  15|0x0000000706800000, 0x0000000706800000, 0x0000000706a00000|  0%| F|  |TAMS 0x0000000706800000| PB 0x0000000706800000| Untracked 
|  16|0x0000000706a00000, 0x0000000706a00000, 0x0000000706c00000|  0%| F|  |TAMS 0x0000000706a00000| PB 0x0000000706a00000| Untracked 
|  17|0x0000000706c00000, 0x0000000706c00000, 0x0000000706e00000|  0%| F|  |TAMS 0x0000000706c00000| PB 0x0000000706c00000| Untracked 
|  18|0x0000000706e00000, 0x0000000706e00000, 0x0000000707000000|  0%| F|  |TAMS 0x0000000706e00000| PB 0x0000000706e00000| Untracked 
|  19|0x0000000707000000, 0x0000000707000000, 0x0000000707200000|  0%| F|  |TAMS 0x0000000707000000| PB 0x0000000707000000| Untracked 
|  20|0x0000000707200000, 0x0000000707200000, 0x0000000707400000|  0%| F|  |TAMS 0x0000000707200000| PB 0x0000000707200000| Untracked 
|  21|0x0000000707400000, 0x0000000707400000, 0x0000000707600000|  0%| F|  |TAMS 0x0000000707400000| PB 0x0000000707400000| Untracked 
|  22|0x0000000707600000, 0x0000000707600000, 0x0000000707800000|  0%| F|  |TAMS 0x0000000707600000| PB 0x0000000707600000| Untracked 
|  23|0x0000000707800000, 0x0000000707800000, 0x0000000707a00000|  0%| F|  |TAMS 0x0000000707800000| PB 0x0000000707800000| Untracked 
|  24|0x0000000707a00000, 0x0000000707a00000, 0x0000000707c00000|  0%| F|  |TAMS 0x0000000707a00000| PB 0x0000000707a00000| Untracked 
|  25|0x0000000707c00000, 0x0000000707c00000, 0x0000000707e00000|  0%| F|  |TAMS 0x0000000707c00000| PB 0x0000000707c00000| Untracked 
|  26|0x0000000707e00000, 0x0000000707e00000, 0x0000000708000000|  0%| F|  |TAMS 0x0000000707e00000| PB 0x0000000707e00000| Untracked 
|  27|0x0000000708000000, 0x0000000708000000, 0x0000000708200000|  0%| F|  |TAMS 0x0000000708000000| PB 0x0000000708000000| Untracked 
|  28|0x0000000708200000, 0x0000000708200000, 0x0000000708400000|  0%| F|  |TAMS 0x0000000708200000| PB 0x0000000708200000| Untracked 
|  29|0x0000000708400000, 0x0000000708400000, 0x0000000708600000|  0%| F|  |TAMS 0x0000000708400000| PB 0x0000000708400000| Untracked 
|  30|0x0000000708600000, 0x0000000708600000, 0x0000000708800000|  0%| F|  |TAMS 0x0000000708600000| PB 0x0000000708600000| Untracked 
|  31|0x0000000708800000, 0x0000000708800000, 0x0000000708a00000|  0%| F|  |TAMS 0x0000000708800000| PB 0x0000000708800000| Untracked 
|  32|0x0000000708a00000, 0x0000000708a00000, 0x0000000708c00000|  0%| F|  |TAMS 0x0000000708a00000| PB 0x0000000708a00000| Untracked 
|  33|0x0000000708c00000, 0x0000000708c00000, 0x0000000708e00000|  0%| F|  |TAMS 0x0000000708c00000| PB 0x0000000708c00000| Untracked 
|  34|0x0000000708e00000, 0x0000000708e00000, 0x0000000709000000|  0%| F|  |TAMS 0x0000000708e00000| PB 0x0000000708e00000| Untracked 
|  35|0x0000000709000000, 0x0000000709000000, 0x0000000709200000|  0%| F|  |TAMS 0x0000000709000000| PB 0x0000000709000000| Untracked 
|  36|0x0000000709200000, 0x0000000709200000, 0x0000000709400000|  0%| F|  |TAMS 0x0000000709200000| PB 0x0000000709200000| Untracked 
|  37|0x0000000709400000, 0x0000000709400000, 0x0000000709600000|  0%| F|  |TAMS 0x0000000709400000| PB 0x0000000709400000| Untracked 
|  38|0x0000000709600000, 0x0000000709600000, 0x0000000709800000|  0%| F|  |TAMS 0x0000000709600000| PB 0x0000000709600000| Untracked 
|  39|0x0000000709800000, 0x0000000709800000, 0x0000000709a00000|  0%| F|  |TAMS 0x0000000709800000| PB 0x0000000709800000| Untracked 
|  40|0x0000000709a00000, 0x0000000709a00000, 0x0000000709c00000|  0%| F|  |TAMS 0x0000000709a00000| PB 0x0000000709a00000| Untracked 
|  41|0x0000000709c00000, 0x0000000709c00000, 0x0000000709e00000|  0%| F|  |TAMS 0x0000000709c00000| PB 0x0000000709c00000| Untracked 
|  42|0x0000000709e00000, 0x0000000709e00000, 0x000000070a000000|  0%| F|  |TAMS 0x0000000709e00000| PB 0x0000000709e00000| Untracked 
|  43|0x000000070a000000, 0x000000070a000000, 0x000000070a200000|  0%| F|  |TAMS 0x000000070a000000| PB 0x000000070a000000| Untracked 
|  44|0x000000070a200000, 0x000000070a200000, 0x000000070a400000|  0%| F|  |TAMS 0x000000070a200000| PB 0x000000070a200000| Untracked 
|  45|0x000000070a400000, 0x000000070a400000, 0x000000070a600000|  0%| F|  |TAMS 0x000000070a400000| PB 0x000000070a400000| Untracked 
|  46|0x000000070a600000, 0x000000070a600000, 0x000000070a800000|  0%| F|  |TAMS 0x000000070a600000| PB 0x000000070a600000| Untracked 
|  47|0x000000070a800000, 0x000000070a800000, 0x000000070aa00000|  0%| F|  |TAMS 0x000000070a800000| PB 0x000000070a800000| Untracked 
|  48|0x000000070aa00000, 0x000000070aa00000, 0x000000070ac00000|  0%| F|  |TAMS 0x000000070aa00000| PB 0x000000070aa00000| Untracked 
|  49|0x000000070ac00000, 0x000000070ac00000, 0x000000070ae00000|  0%| F|  |TAMS 0x000000070ac00000| PB 0x000000070ac00000| Untracked 
|  50|0x000000070ae00000, 0x000000070ae00000, 0x000000070b000000|  0%| F|  |TAMS 0x000000070ae00000| PB 0x000000070ae00000| Untracked 
|  51|0x000000070b000000, 0x000000070b000000, 0x000000070b200000|  0%| F|  |TAMS 0x000000070b000000| PB 0x000000070b000000| Untracked 
|  52|0x000000070b200000, 0x000000070b200000, 0x000000070b400000|  0%| F|  |TAMS 0x000000070b200000| PB 0x000000070b200000| Untracked 
|  53|0x000000070b400000, 0x000000070b400000, 0x000000070b600000|  0%| F|  |TAMS 0x000000070b400000| PB 0x000000070b400000| Untracked 
|  54|0x000000070b600000, 0x000000070b600000, 0x000000070b800000|  0%| F|  |TAMS 0x000000070b600000| PB 0x000000070b600000| Untracked 
|  55|0x000000070b800000, 0x000000070b800000, 0x000000070ba00000|  0%| F|  |TAMS 0x000000070b800000| PB 0x000000070b800000| Untracked 
|  56|0x000000070ba00000, 0x000000070ba00000, 0x000000070bc00000|  0%| F|  |TAMS 0x000000070ba00000| PB 0x000000070ba00000| Untracked 
|  57|0x000000070bc00000, 0x000000070bc00000, 0x000000070be00000|  0%| F|  |TAMS 0x000000070bc00000| PB 0x000000070bc00000| Untracked 
|  58|0x000000070be00000, 0x000000070be00000, 0x000000070c000000|  0%| F|  |TAMS 0x000000070be00000| PB 0x000000070be00000| Untracked 
|  59|0x000000070c000000, 0x000000070c000000, 0x000000070c200000|  0%| F|  |TAMS 0x000000070c000000| PB 0x000000070c000000| Untracked 
|  60|0x000000070c200000, 0x000000070c200000, 0x000000070c400000|  0%| F|  |TAMS 0x000000070c200000| PB 0x000000070c200000| Untracked 
|  61|0x000000070c400000, 0x000000070c400000, 0x000000070c600000|  0%| F|  |TAMS 0x000000070c400000| PB 0x000000070c400000| Untracked 
|  62|0x000000070c600000, 0x000000070c600000, 0x000000070c800000|  0%| F|  |TAMS 0x000000070c600000| PB 0x000000070c600000| Untracked 
|  63|0x000000070c800000, 0x000000070c800000, 0x000000070ca00000|  0%| F|  |TAMS 0x000000070c800000| PB 0x000000070c800000| Untracked 
|  64|0x000000070ca00000, 0x000000070ca00000, 0x000000070cc00000|  0%| F|  |TAMS 0x000000070ca00000| PB 0x000000070ca00000| Untracked 
|  65|0x000000070cc00000, 0x000000070cc00000, 0x000000070ce00000|  0%| F|  |TAMS 0x000000070cc00000| PB 0x000000070cc00000| Untracked 
|  66|0x000000070ce00000, 0x000000070ce00000, 0x000000070d000000|  0%| F|  |TAMS 0x000000070ce00000| PB 0x000000070ce00000| Untracked 
|  67|0x000000070d000000, 0x000000070d000000, 0x000000070d200000|  0%| F|  |TAMS 0x000000070d000000| PB 0x000000070d000000| Untracked 
|  68|0x000000070d200000, 0x000000070d200000, 0x000000070d400000|  0%| F|  |TAMS 0x000000070d200000| PB 0x000000070d200000| Untracked 
|  69|0x000000070d400000, 0x000000070d400000, 0x000000070d600000|  0%| F|  |TAMS 0x000000070d400000| PB 0x000000070d400000| Untracked 
|  70|0x000000070d600000, 0x000000070d600000, 0x000000070d800000|  0%| F|  |TAMS 0x000000070d600000| PB 0x000000070d600000| Untracked 
|  71|0x000000070d800000, 0x000000070d800000, 0x000000070da00000|  0%| F|  |TAMS 0x000000070d800000| PB 0x000000070d800000| Untracked 
|  72|0x000000070da00000, 0x000000070da00000, 0x000000070dc00000|  0%| F|  |TAMS 0x000000070da00000| PB 0x000000070da00000| Untracked 
|  73|0x000000070dc00000, 0x000000070dc00000, 0x000000070de00000|  0%| F|  |TAMS 0x000000070dc00000| PB 0x000000070dc00000| Untracked 
|  74|0x000000070de00000, 0x000000070de00000, 0x000000070e000000|  0%| F|  |TAMS 0x000000070de00000| PB 0x000000070de00000| Untracked 
|  75|0x000000070e000000, 0x000000070e000000, 0x000000070e200000|  0%| F|  |TAMS 0x000000070e000000| PB 0x000000070e000000| Untracked 
|  76|0x000000070e200000, 0x000000070e200000, 0x000000070e400000|  0%| F|  |TAMS 0x000000070e200000| PB 0x000000070e200000| Untracked 
|  77|0x000000070e400000, 0x000000070e400000, 0x000000070e600000|  0%| F|  |TAMS 0x000000070e400000| PB 0x000000070e400000| Untracked 
|  78|0x000000070e600000, 0x000000070e600000, 0x000000070e800000|  0%| F|  |TAMS 0x000000070e600000| PB 0x000000070e600000| Untracked 
|  79|0x000000070e800000, 0x000000070e800000, 0x000000070ea00000|  0%| F|  |TAMS 0x000000070e800000| PB 0x000000070e800000| Untracked 
|  80|0x000000070ea00000, 0x000000070ea00000, 0x000000070ec00000|  0%| F|  |TAMS 0x000000070ea00000| PB 0x000000070ea00000| Untracked 
|  81|0x000000070ec00000, 0x000000070ec00000, 0x000000070ee00000|  0%| F|  |TAMS 0x000000070ec00000| PB 0x000000070ec00000| Untracked 
|  82|0x000000070ee00000, 0x000000070ee00000, 0x000000070f000000|  0%| F|  |TAMS 0x000000070ee00000| PB 0x000000070ee00000| Untracked 
|  83|0x000000070f000000, 0x000000070f000000, 0x000000070f200000|  0%| F|  |TAMS 0x000000070f000000| PB 0x000000070f000000| Untracked 
|  84|0x000000070f200000, 0x000000070f200000, 0x000000070f400000|  0%| F|  |TAMS 0x000000070f200000| PB 0x000000070f200000| Untracked 
|  85|0x000000070f400000, 0x000000070f400000, 0x000000070f600000|  0%| F|  |TAMS 0x000000070f400000| PB 0x000000070f400000| Untracked 
|  86|0x000000070f600000, 0x000000070f600000, 0x000000070f800000|  0%| F|  |TAMS 0x000000070f600000| PB 0x000000070f600000| Untracked 
|  87|0x000000070f800000, 0x000000070f800000, 0x000000070fa00000|  0%| F|  |TAMS 0x000000070f800000| PB 0x000000070f800000| Untracked 
|  88|0x000000070fa00000, 0x000000070fa00000, 0x000000070fc00000|  0%| F|  |TAMS 0x000000070fa00000| PB 0x000000070fa00000| Untracked 
|  89|0x000000070fc00000, 0x000000070fc00000, 0x000000070fe00000|  0%| F|  |TAMS 0x000000070fc00000| PB 0x000000070fc00000| Untracked 
|  90|0x000000070fe00000, 0x000000070fe00000, 0x0000000710000000|  0%| F|  |TAMS 0x000000070fe00000| PB 0x000000070fe00000| Untracked 
|  91|0x0000000710000000, 0x0000000710000000, 0x0000000710200000|  0%| F|  |TAMS 0x0000000710000000| PB 0x0000000710000000| Untracked 
|  92|0x0000000710200000, 0x0000000710200000, 0x0000000710400000|  0%| F|  |TAMS 0x0000000710200000| PB 0x0000000710200000| Untracked 
|  93|0x0000000710400000, 0x0000000710400000, 0x0000000710600000|  0%| F|  |TAMS 0x0000000710400000| PB 0x0000000710400000| Untracked 
|  94|0x0000000710600000, 0x0000000710600000, 0x0000000710800000|  0%| F|  |TAMS 0x0000000710600000| PB 0x0000000710600000| Untracked 
|  95|0x0000000710800000, 0x0000000710800000, 0x0000000710a00000|  0%| F|  |TAMS 0x0000000710800000| PB 0x0000000710800000| Untracked 
|  96|0x0000000710a00000, 0x0000000710a00000, 0x0000000710c00000|  0%| F|  |TAMS 0x0000000710a00000| PB 0x0000000710a00000| Untracked 
|  97|0x0000000710c00000, 0x0000000710c00000, 0x0000000710e00000|  0%| F|  |TAMS 0x0000000710c00000| PB 0x0000000710c00000| Untracked 
|  98|0x0000000710e00000, 0x0000000710e00000, 0x0000000711000000|  0%| F|  |TAMS 0x0000000710e00000| PB 0x0000000710e00000| Untracked 
|  99|0x0000000711000000, 0x0000000711000000, 0x0000000711200000|  0%| F|  |TAMS 0x0000000711000000| PB 0x0000000711000000| Untracked 
| 100|0x0000000711200000, 0x0000000711200000, 0x0000000711400000|  0%| F|  |TAMS 0x0000000711200000| PB 0x0000000711200000| Untracked 
| 101|0x0000000711400000, 0x0000000711400000, 0x0000000711600000|  0%| F|  |TAMS 0x0000000711400000| PB 0x0000000711400000| Untracked 
| 102|0x0000000711600000, 0x0000000711600000, 0x0000000711800000|  0%| F|  |TAMS 0x0000000711600000| PB 0x0000000711600000| Untracked 
| 103|0x0000000711800000, 0x0000000711800000, 0x0000000711a00000|  0%| F|  |TAMS 0x0000000711800000| PB 0x0000000711800000| Untracked 
| 104|0x0000000711a00000, 0x0000000711a00000, 0x0000000711c00000|  0%| F|  |TAMS 0x0000000711a00000| PB 0x0000000711a00000| Untracked 
| 105|0x0000000711c00000, 0x0000000711c00000, 0x0000000711e00000|  0%| F|  |TAMS 0x0000000711c00000| PB 0x0000000711c00000| Untracked 
| 106|0x0000000711e00000, 0x0000000711e00000, 0x0000000712000000|  0%| F|  |TAMS 0x0000000711e00000| PB 0x0000000711e00000| Untracked 
| 107|0x0000000712000000, 0x0000000712000000, 0x0000000712200000|  0%| F|  |TAMS 0x0000000712000000| PB 0x0000000712000000| Untracked 
| 108|0x0000000712200000, 0x0000000712200000, 0x0000000712400000|  0%| F|  |TAMS 0x0000000712200000| PB 0x0000000712200000| Untracked 
| 109|0x0000000712400000, 0x0000000712400000, 0x0000000712600000|  0%| F|  |TAMS 0x0000000712400000| PB 0x0000000712400000| Untracked 
| 110|0x0000000712600000, 0x0000000712600000, 0x0000000712800000|  0%| F|  |TAMS 0x0000000712600000| PB 0x0000000712600000| Untracked 
| 111|0x0000000712800000, 0x0000000712800000, 0x0000000712a00000|  0%| F|  |TAMS 0x0000000712800000| PB 0x0000000712800000| Untracked 
| 112|0x0000000712a00000, 0x0000000712a00000, 0x0000000712c00000|  0%| F|  |TAMS 0x0000000712a00000| PB 0x0000000712a00000| Untracked 
| 113|0x0000000712c00000, 0x0000000712daaa00, 0x0000000712e00000| 83%| S|CS|TAMS 0x0000000712c00000| PB 0x0000000712c00000| Complete 
| 114|0x0000000712e00000, 0x0000000713000000, 0x0000000713000000|100%| S|CS|TAMS 0x0000000712e00000| PB 0x0000000712e00000| Complete 
| 115|0x0000000713000000, 0x0000000713000000, 0x0000000713200000|  0%| F|  |TAMS 0x0000000713000000| PB 0x0000000713000000| Untracked 
| 116|0x0000000713200000, 0x0000000713200000, 0x0000000713400000|  0%| F|  |TAMS 0x0000000713200000| PB 0x0000000713200000| Untracked 
| 117|0x0000000713400000, 0x0000000713400000, 0x0000000713600000|  0%| F|  |TAMS 0x0000000713400000| PB 0x0000000713400000| Untracked 
| 118|0x0000000713600000, 0x0000000713600000, 0x0000000713800000|  0%| F|  |TAMS 0x0000000713600000| PB 0x0000000713600000| Untracked 
| 119|0x0000000713800000, 0x0000000713800000, 0x0000000713a00000|  0%| F|  |TAMS 0x0000000713800000| PB 0x0000000713800000| Untracked 
| 120|0x0000000713a00000, 0x0000000713a00000, 0x0000000713c00000|  0%| F|  |TAMS 0x0000000713a00000| PB 0x0000000713a00000| Untracked 
| 121|0x0000000713c00000, 0x0000000713c00000, 0x0000000713e00000|  0%| F|  |TAMS 0x0000000713c00000| PB 0x0000000713c00000| Untracked 
| 122|0x0000000713e00000, 0x0000000713e00000, 0x0000000714000000|  0%| F|  |TAMS 0x0000000713e00000| PB 0x0000000713e00000| Untracked 
| 123|0x0000000714000000, 0x0000000714153118, 0x0000000714200000| 66%| E|  |TAMS 0x0000000714000000| PB 0x0000000714000000| Complete 
| 124|0x0000000714200000, 0x0000000714400000, 0x0000000714400000|100%| E|CS|TAMS 0x0000000714200000| PB 0x0000000714200000| Complete 
| 125|0x0000000714400000, 0x0000000714600000, 0x0000000714600000|100%| E|CS|TAMS 0x0000000714400000| PB 0x0000000714400000| Complete 

Card table byte_map: [0x0000026a9b930000,0x0000026a9c110000] _byte_map_base: 0x0000026a9810b000

Marking Bits: (CMBitMap*) 0x0000026a87c130c0
 Bits: [0x0000026a9c110000, 0x0000026a9ffe8000)

Polling page: 0x0000026a85d90000

Metaspace:

Usage:
  Non-class:      7.30 MB used.
      Class:    864.43 KB used.
       Both:      8.15 MB used.

Virtual space:
  Non-class space:       64.00 MB reserved,       7.38 MB ( 12%) committed,  1 nodes.
      Class space:        1.00 GB reserved,       1.00 MB ( <1%) committed,  1 nodes.
             Both:        1.06 GB reserved,       8.38 MB ( <1%) committed. 

Chunk freelists:
   Non-Class:  5.80 MB
       Class:  14.92 MB
        Both:  20.72 MB

MaxMetaspaceSize: unlimited
CompressedClassSpaceSize: 1.00 GB
Initial GC threshold: 21.00 MB
Current GC threshold: 21.00 MB
CDS: on
 - commit_granule_bytes: 65536.
 - commit_granule_words: 8192.
 - virtual_space_node_default_size: 8388608.
 - enlarge_chunks_in_place: 1.
 - use_allocation_guard: 0.


Internal statistics:

num_allocs_failed_limit: 0.
num_arena_births: 106.
num_arena_deaths: 0.
num_vsnodes_births: 2.
num_vsnodes_deaths: 0.
num_space_committed: 134.
num_space_uncommitted: 0.
num_chunks_returned_to_freelist: 0.
num_chunks_taken_from_freelist: 408.
num_chunk_merges: 0.
num_chunk_splits: 292.
num_chunks_enlarged: 240.
num_inconsistent_stats: 0.

CodeHeap 'non-profiled nmethods': size=120000Kb used=392Kb max_used=392Kb free=119607Kb
 bounds [0x0000026a936d0000, 0x0000026a93940000, 0x0000026a9ac00000]
CodeHeap 'profiled nmethods': size=120000Kb used=2003Kb max_used=2003Kb free=117996Kb
 bounds [0x0000026a8bc00000, 0x0000026a8be70000, 0x0000026a93130000]
CodeHeap 'non-nmethods': size=5760Kb used=1352Kb max_used=1366Kb free=4407Kb
 bounds [0x0000026a93130000, 0x0000026a933a0000, 0x0000026a936d0000]
CodeCache: size=245760Kb, used=3747Kb, max_used=3761Kb, free=242010Kb
 total_blobs=1701, nmethods=1186, adapters=420, full_count=0
Compilation: enabled, stopped_count=0, restarted_count=0

Compilation events (20 events):
Event: 0.536 Thread 0x0000026aa2c925c0 1176       3       jdk.internal.misc.Unsafe::checkPrimitivePointer (19 bytes)
Event: 0.536 Thread 0x0000026aa2c925c0 nmethod 1176 0x0000026a8bdf0390 code [0x0000026a8bdf05a0, 0x0000026a8bdf0b98]
Event: 0.536 Thread 0x0000026aa2c925c0 1177       3       java.nio.Buffer::<init> (105 bytes)
Event: 0.536 Thread 0x0000026aa2c925c0 nmethod 1177 0x0000026a8bdf0e10 code [0x0000026a8bdf10c0, 0x0000026a8bdf1ba8]
Event: 0.536 Thread 0x0000026aa2c925c0 1179       3       java.nio.MappedByteBuffer::position (8 bytes)
Event: 0.536 Thread 0x0000026aa2c925c0 nmethod 1179 0x0000026a8bdf1f90 code [0x0000026a8bdf2140, 0x0000026a8bdf22f0]
Event: 0.539 Thread 0x0000026aa2c925c0 1180       3       jdk.internal.org.objectweb.asm.SymbolTable$Entry::<init> (18 bytes)
Event: 0.539 Thread 0x0000026aa2c925c0 nmethod 1180 0x0000026a8bdf2410 code [0x0000026a8bdf25c0, 0x0000026a8bdf2738]
Event: 0.541 Thread 0x0000026aa2c925c0 1181       3       java.lang.invoke.MethodHandleNatives::refKindIsMethod (19 bytes)
Event: 0.541 Thread 0x0000026aa2c925c0 nmethod 1181 0x0000026a8bdf2810 code [0x0000026a8bdf29c0, 0x0000026a8bdf2be8]
Event: 0.541 Thread 0x0000026aa2c925c0 1182       3       java.lang.invoke.MethodHandle::keepsAlive (20 bytes)
Event: 0.542 Thread 0x0000026aa2c925c0 nmethod 1182 0x0000026a8bdf2c90 code [0x0000026a8bdf2ee0, 0x0000026a8bdf38e0]
Event: 0.542 Thread 0x0000026aa2c925c0 1185       3       java.nio.Buffer::limit (65 bytes)
Event: 0.542 Thread 0x0000026aa2c925c0 nmethod 1185 0x0000026a8bdf3c10 code [0x0000026a8bdf3dc0, 0x0000026a8bdf4050]
Event: 0.542 Thread 0x0000026aa2c925c0 1183       3       java.lang.invoke.DirectMethodHandle::allocateInstance (16 bytes)
Event: 0.542 Thread 0x0000026aa2c925c0 nmethod 1183 0x0000026a8bdf4110 code [0x0000026a8bdf42c0, 0x0000026a8bdf44e8]
Event: 0.542 Thread 0x0000026aa2c925c0 1184       3       java.lang.invoke.DirectMethodHandle::constructorMethod (10 bytes)
Event: 0.542 Thread 0x0000026aa2c925c0 nmethod 1184 0x0000026a8bdf4610 code [0x0000026a8bdf47c0, 0x0000026a8bdf49b0]
Event: 0.543 Thread 0x0000026aa2c925c0 1186       3       sun.nio.ch.Util::isBufferTooLarge (15 bytes)
Event: 0.543 Thread 0x0000026aa2c925c0 nmethod 1186 0x0000026a8bdf4a90 code [0x0000026a8bdf4c20, 0x0000026a8bdf4d70]

GC Heap History (2 events):
Event: 0.480 GC heap before
{Heap before GC invocations=0 (full 0):
 garbage-first heap   total 258048K, used 24576K [0x0000000704a00000, 0x0000000800000000)
  region size 2048K, 11 young (22528K), 0 survivors (0K)
 Metaspace       used 7247K, committed 7360K, reserved 1114112K
  class space    used 733K, committed 768K, reserved 1048576K
}
Event: 0.483 GC heap after
{Heap after GC invocations=1 (full 0):
 garbage-first heap   total 258048K, used 5802K [0x0000000704a00000, 0x0000000800000000)
  region size 2048K, 2 young (4096K), 2 survivors (4096K)
 Metaspace       used 7247K, committed 7360K, reserved 1114112K
  class space    used 733K, committed 768K, reserved 1048576K
}

Dll operation events (2 events):
Event: 0.008 Loaded shared library C:\Program Files\JetBrains\IntelliJ IDEA 2025.3.1.1\jbr\bin\java.dll
Event: 0.172 Loaded shared library C:\Program Files\JetBrains\IntelliJ IDEA 2025.3.1.1\jbr\bin\zip.dll

Deoptimization events (20 events):
Event: 0.370 Thread 0x0000026ae9528b40 Uncommon trap: trap_request=0xffffffc6 fr.pc=0x0000026a93700674 relative=0x00000000000003f4
Event: 0.370 Thread 0x0000026ae9528b40 Uncommon trap: reason=bimorphic_or_optimized_type_check action=maybe_recompile pc=0x0000026a93700674 method=java.util.concurrent.ConcurrentHashMap.get(Ljava/lang/Object;)Ljava/lang/Object; @ 149 c2
Event: 0.370 Thread 0x0000026ae9528b40 DEOPT PACKING pc=0x0000026a93700674 sp=0x0000009598afd0d0
Event: 0.370 Thread 0x0000026ae9528b40 DEOPT UNPACKING pc=0x0000026a93184422 sp=0x0000009598afd050 mode 2
Event: 0.411 Thread 0x0000026ae9528b40 Uncommon trap: trap_request=0xffffff45 fr.pc=0x0000026a93710790 relative=0x00000000000001b0
Event: 0.411 Thread 0x0000026ae9528b40 Uncommon trap: reason=unstable_if action=reinterpret pc=0x0000026a93710790 method=java.lang.invoke.VarHandle.checkAccessModeThenIsDirect(Ljava/lang/invoke/VarHandle$AccessDescriptor;)Z @ 4 c2
Event: 0.411 Thread 0x0000026ae9528b40 DEOPT PACKING pc=0x0000026a93710790 sp=0x0000009598afc700
Event: 0.411 Thread 0x0000026ae9528b40 DEOPT UNPACKING pc=0x0000026a93184422 sp=0x0000009598afc658 mode 2
Event: 0.417 Thread 0x0000026ae9528b40 Uncommon trap: trap_request=0xffffff45 fr.pc=0x0000026a93712350 relative=0x0000000000000e30
Event: 0.417 Thread 0x0000026ae9528b40 Uncommon trap: reason=unstable_if action=reinterpret pc=0x0000026a93712350 method=java.util.concurrent.ConcurrentHashMap.putVal(Ljava/lang/Object;Ljava/lang/Object;Z)Ljava/lang/Object; @ 148 c2
Event: 0.417 Thread 0x0000026ae9528b40 DEOPT PACKING pc=0x0000026a93712350 sp=0x0000009598afe510
Event: 0.417 Thread 0x0000026ae9528b40 DEOPT UNPACKING pc=0x0000026a93184422 sp=0x0000009598afe490 mode 2
Event: 0.449 Thread 0x0000026ae953d4d0 Uncommon trap: trap_request=0xffffff45 fr.pc=0x0000026a93713a2c relative=0x000000000000008c
Event: 0.449 Thread 0x0000026ae953d4d0 Uncommon trap: reason=unstable_if action=reinterpret pc=0x0000026a93713a2c method=jdk.internal.misc.Unsafe.convEndian(ZI)I @ 4 c2
Event: 0.449 Thread 0x0000026ae953d4d0 DEOPT PACKING pc=0x0000026a93713a2c sp=0x0000009598cfdd10
Event: 0.449 Thread 0x0000026ae953d4d0 DEOPT UNPACKING pc=0x0000026a93184422 sp=0x0000009598cfdc40 mode 2
Event: 0.467 Thread 0x0000026ae953d4d0 Uncommon trap: trap_request=0xffffffc6 fr.pc=0x0000026a93700674 relative=0x00000000000003f4
Event: 0.467 Thread 0x0000026ae953d4d0 Uncommon trap: reason=bimorphic_or_optimized_type_check action=maybe_recompile pc=0x0000026a93700674 method=java.util.concurrent.ConcurrentHashMap.get(Ljava/lang/Object;)Ljava/lang/Object; @ 149 c2
Event: 0.467 Thread 0x0000026ae953d4d0 DEOPT PACKING pc=0x0000026a93700674 sp=0x0000009598cfdff0
Event: 0.467 Thread 0x0000026ae953d4d0 DEOPT UNPACKING pc=0x0000026a93184422 sp=0x0000009598cfdf60 mode 2

Classes loaded (20 events):
Event: 0.398 Loading class jdk/net/UnixDomainPrincipal
Event: 0.398 Loading class jdk/net/UnixDomainPrincipal done
Event: 0.398 Loading class jdk/net/ExtendedSocketOptions$PlatformSocketOptions
Event: 0.398 Loading class jdk/net/ExtendedSocketOptions$PlatformSocketOptions done
Event: 0.398 Loading class jdk/net/ExtendedSocketOptions$2
Event: 0.398 Loading class jdk/net/ExtendedSocketOptions$2 done
Event: 0.398 Loading class jdk/net/WindowsSocketOptions
Event: 0.398 Loading class jdk/net/WindowsSocketOptions done
Event: 0.401 Loading class jdk/net/ExtendedSocketOptions$1
Event: 0.401 Loading class jdk/net/ExtendedSocketOptions$1 done
Event: 0.402 Loading class java/nio/BufferMismatch
Event: 0.402 Loading class java/nio/BufferMismatch done
Event: 0.402 Loading class sun/nio/ch/SourceChannelImpl
Event: 0.402 Loading class java/nio/channels/Pipe$SourceChannel
Event: 0.402 Loading class java/nio/channels/Pipe$SourceChannel done
Event: 0.402 Loading class sun/nio/ch/SourceChannelImpl done
Event: 0.402 Loading class sun/nio/ch/SinkChannelImpl
Event: 0.402 Loading class java/nio/channels/Pipe$SinkChannel
Event: 0.402 Loading class java/nio/channels/Pipe$SinkChannel done
Event: 0.402 Loading class sun/nio/ch/SinkChannelImpl done

Classes unloaded (0 events):
No events

Classes redefined (0 events):
No events

Internal exceptions (9 events):
Event: 0.272 Thread 0x0000026a87baad00 Exception <a 'java/lang/NoSuchMethodError'{0x0000000713a21f20}: 'java.lang.Object java.lang.invoke.DirectMethodHandle$Holder.invokeStatic(java.lang.Object, java.lang.Object, int, java.lang.Object, int)'> (0x0000000713a21f20) 
thrown [s\src\hotspot\share\interpreter\linkResolver.cpp, line 784]
Event: 0.273 Thread 0x0000026a87baad00 Exception <a 'java/lang/NoSuchMethodError'{0x0000000713a28ce8}: 'java.lang.Object java.lang.invoke.DirectMethodHandle$Holder.newInvokeSpecial(java.lang.Object, java.lang.Object, int)'> (0x0000000713a28ce8) 
thrown [s\src\hotspot\share\interpreter\linkResolver.cpp, line 784]
Event: 0.376 Thread 0x0000026a87baad00 Exception <a 'java/lang/NoSuchMethodError'{0x0000000713430f30}: 'java.lang.Object java.lang.invoke.DirectMethodHandle$Holder.invokeSpecial(java.lang.Object, java.lang.Object, int, java.lang.Object, int)'> (0x0000000713430f30) 
thrown [s\src\hotspot\share\interpreter\linkResolver.cpp, line 784]
Event: 0.393 Thread 0x0000026ae9528b40 Exception <a 'java/lang/NoSuchMethodError'{0x000000071353fed0}: 'java.lang.Object java.lang.invoke.DirectMethodHandle$Holder.invokeStaticInit(java.lang.Object, java.lang.Object, int, int, int, int)'> (0x000000071353fed0) 
thrown [s\src\hotspot\share\interpreter\linkResolver.cpp, line 784]
Event: 0.407 Thread 0x0000026ae9528b40 Exception <a 'java/lang/NoSuchMethodError'{0x00000007135df338}: 'java.lang.Object java.lang.invoke.DirectMethodHandle$Holder.newInvokeSpecial(java.lang.Object, java.lang.Object, java.lang.Object, int, java.lang.Object, java.lang.Object, java.lang.Object)'> (0x00000007135df338) 
thrown [s\src\hotspot\share\interpreter\linkResolver.cpp, line 784]
Event: 0.441 Thread 0x0000026ae9528b40 Exception <a 'java/lang/NoSuchMethodError'{0x0000000713344d00}: 'long java.lang.invoke.DirectMethodHandle$Holder.invokeStatic(java.lang.Object)'> (0x0000000713344d00) 
thrown [s\src\hotspot\share\interpreter\linkResolver.cpp, line 784]
Event: 0.442 Thread 0x0000026ae9732470 Exception <a 'java/lang/NoSuchMethodError'{0x00000007133c8100}: 'long java.lang.invoke.DirectMethodHandle$Holder.invokeStatic(java.lang.Object)'> (0x00000007133c8100) 
thrown [s\src\hotspot\share\interpreter\linkResolver.cpp, line 784]
Event: 0.444 Thread 0x0000026ae953d4d0 Exception <a 'java/lang/NoSuchMethodError'{0x000000071301aed0}: 'java.lang.Object java.lang.invoke.DirectMethodHandle$Holder.newInvokeSpecial(java.lang.Object, java.lang.Object, java.lang.Object, java.lang.Object, java.lang.Object, java.lang.Object)'> (0x000000071301aed0) 
thrown [s\src\hotspot\share\interpreter\linkResolver.cpp, line 784]
Event: 0.499 Thread 0x0000026ae97331c0 Exception <a 'java/lang/NoSuchMethodError'{0x00000007145515f8}: 'int java.lang.invoke.DirectMethodHandle$Holder.invokeStaticInit(java.lang.Object, java.lang.Object, int)'> (0x00000007145515f8) 
thrown [s\src\hotspot\share\interpreter\linkResolver.cpp, line 784]

ZGC Phase Switch (0 events):
No events

VM Operations (12 events):
Event: 0.103 Executing VM operation: HandshakeAllThreads (Deoptimize)
Event: 0.104 Executing VM operation: HandshakeAllThreads (Deoptimize) done
Event: 0.167 Executing VM operation: HandshakeAllThreads (Deoptimize)
Event: 0.167 Executing VM operation: HandshakeAllThreads (Deoptimize) done
Event: 0.176 Executing VM operation: HandshakeAllThreads (Deoptimize)
Event: 0.176 Executing VM operation: HandshakeAllThreads (Deoptimize) done
Event: 0.178 Executing VM operation: HandshakeAllThreads (Deoptimize)
Event: 0.178 Executing VM operation: HandshakeAllThreads (Deoptimize) done
Event: 0.467 Executing VM operation: HandshakeAllThreads (Deoptimize)
Event: 0.467 Executing VM operation: HandshakeAllThreads (Deoptimize) done
Event: 0.480 Executing VM operation: G1CollectForAllocation (G1 Evacuation Pause)
Event: 0.483 Executing VM operation: G1CollectForAllocation (G1 Evacuation Pause) done

Memory protections (0 events):
No events

Nmethod flushes (0 events):
No events

Events (20 events):
Event: 0.065 Thread 0x0000026a87baad00 Thread added: 0x0000026aa2c925c0
Event: 0.080 Thread 0x0000026a87baad00 Thread added: 0x0000026ae91346d0
Event: 0.084 Loaded shared library C:\Program Files\JetBrains\IntelliJ IDEA 2025.3.1.1\jbr\bin\net.dll
Event: 0.087 Loaded shared library C:\Program Files\JetBrains\IntelliJ IDEA 2025.3.1.1\jbr\bin\nio.dll
Event: 0.092 Loaded shared library C:\Program Files\JetBrains\IntelliJ IDEA 2025.3.1.1\jbr\bin\zip.dll
Event: 0.103 Thread 0x0000026aa2c925c0 Thread added: 0x0000026aa2c92c90
Event: 0.170 Loaded shared library C:\Program Files\JetBrains\IntelliJ IDEA 2025.3.1.1\jbr\bin\jimage.dll
Event: 0.304 Thread 0x0000026a87baad00 Thread added: 0x0000026ae9528b40
Event: 0.305 Thread 0x0000026a87baad00 Thread added: 0x0000026ae9538eb0
Event: 0.305 Thread 0x0000026ae9528b40 Thread added: 0x0000026ae953d4d0
Event: 0.341 Loaded shared library C:\Program Files\JetBrains\IntelliJ IDEA 2025.3.1.1\jbr\bin\sunmscapi.dll
Event: 0.400 Loaded shared library C:\Program Files\JetBrains\IntelliJ IDEA 2025.3.1.1\jbr\bin\extnet.dll
Event: 0.424 Thread 0x0000026ae953d4d0 Thread added: 0x0000026ae9836660
Event: 0.441 Thread 0x0000026ae9528b40 Thread added: 0x0000026ae9732470
Event: 0.441 Thread 0x0000026ae9528b40 Thread added: 0x0000026ae9733850
Event: 0.441 Thread 0x0000026ae9732470 Thread added: 0x0000026ae9733ee0
Event: 0.446 Thread 0x0000026ae9528b40 Thread added: 0x0000026ae97331c0
Event: 0.494 Thread 0x0000026ae9732470 Thread added: 0x0000026ae9734570
Event: 0.496 Thread 0x0000026ae9734570 Thread added: 0x0000026ae9734c00
Event: 0.497 Thread 0x0000026ae9732470 Thread added: 0x0000026ae9735290


Dynamic libraries:
0x00007ff77c260000 - 0x00007ff77c26a000 	C:\Program Files\JetBrains\IntelliJ IDEA 2025.3.1.1\jbr\bin\java.exe
0x00007ffe0d740000 - 0x00007ffe0d9a7000 	C:\Windows\SYSTEM32\ntdll.dll
0x00007ffe0c620000 - 0x00007ffe0c6e9000 	C:\Windows\System32\KERNEL32.DLL
0x00007ffe0a7b0000 - 0x00007ffe0aba4000 	C:\Windows\System32\KERNELBASE.dll
0x00007ffe0a180000 - 0x00007ffe0a2cb000 	C:\Windows\System32\ucrtbase.dll
0x00007ffde9ff0000 - 0x00007ffdea00b000 	C:\Program Files\JetBrains\IntelliJ IDEA 2025.3.1.1\jbr\bin\VCRUNTIME140.dll
0x00007ffd9e2c0000 - 0x00007ffd9e2d8000 	C:\Program Files\JetBrains\IntelliJ IDEA 2025.3.1.1\jbr\bin\jli.dll
0x00007ffe0c6f0000 - 0x00007ffe0c8b5000 	C:\Windows\System32\USER32.dll
0x00007ffdf9300000 - 0x00007ffdf9593000 	C:\Windows\WinSxS\amd64_microsoft.windows.common-controls_6595b64144ccf1df_6.0.26100.8115_none_3e075c82e3354f9c\COMCTL32.dll
0x00007ffe0a570000 - 0x00007ffe0a597000 	C:\Windows\System32\win32u.dll
0x00007ffe0b4d0000 - 0x00007ffe0b579000 	C:\Windows\System32\msvcrt.dll
0x00007ffe0c1c0000 - 0x00007ffe0c1eb000 	C:\Windows\System32\GDI32.dll
0x00007ffe0a380000 - 0x00007ffe0a4ab000 	C:\Windows\System32\gdi32full.dll
0x00007ffe0a2d0000 - 0x00007ffe0a373000 	C:\Windows\System32\msvcp_win.dll
0x00007ffe0c340000 - 0x00007ffe0c372000 	C:\Windows\System32\IMM32.DLL
0x00007ffde9fe0000 - 0x00007ffde9fec000 	C:\Program Files\JetBrains\IntelliJ IDEA 2025.3.1.1\jbr\bin\vcruntime140_1.dll
0x00007ffd64d90000 - 0x00007ffd64e1d000 	C:\Program Files\JetBrains\IntelliJ IDEA 2025.3.1.1\jbr\bin\msvcp140.dll
0x00007ffcfe080000 - 0x00007ffcfee4d000 	C:\Program Files\JetBrains\IntelliJ IDEA 2025.3.1.1\jbr\bin\server\jvm.dll
0x00007ffe0c1f0000 - 0x00007ffe0c2a6000 	C:\Windows\System32\ADVAPI32.dll
0x00007ffe0c380000 - 0x00007ffe0c427000 	C:\Windows\System32\sechost.dll
0x00007ffe0c8c0000 - 0x00007ffe0c9d8000 	C:\Windows\System32\RPCRT4.dll
0x00007ffe0d670000 - 0x00007ffe0d6f0000 	C:\Windows\System32\WS2_32.dll
0x00007ffe09730000 - 0x00007ffe0978e000 	C:\Windows\SYSTEM32\POWRPROF.dll
0x00007ffdfd3b0000 - 0x00007ffdfd3e6000 	C:\Windows\SYSTEM32\WINMM.dll
0x00007ffdffbc0000 - 0x00007ffdffbcb000 	C:\Windows\SYSTEM32\VERSION.dll
0x00007ffe096b0000 - 0x00007ffe096c4000 	C:\Windows\SYSTEM32\UMPDC.dll
0x00007ffe08da0000 - 0x00007ffe08dbb000 	C:\Windows\SYSTEM32\kernel.appcore.dll
0x00007ffde9fd0000 - 0x00007ffde9fda000 	C:\Program Files\JetBrains\IntelliJ IDEA 2025.3.1.1\jbr\bin\jimage.dll
0x00007ffe07e80000 - 0x00007ffe080c2000 	C:\Windows\SYSTEM32\DBGHELP.DLL
0x00007ffe0cb30000 - 0x00007ffe0ceb2000 	C:\Windows\System32\combase.dll
0x00007ffe0c9e0000 - 0x00007ffe0cab8000 	C:\Windows\System32\OLEAUT32.dll
0x00007ffdf30e0000 - 0x00007ffdf311b000 	C:\Windows\SYSTEM32\dbgcore.DLL
0x00007ffe0b420000 - 0x00007ffe0b4c5000 	C:\Windows\System32\bcryptPrimitives.dll
0x00007ffdda300000 - 0x00007ffdda320000 	C:\Program Files\JetBrains\IntelliJ IDEA 2025.3.1.1\jbr\bin\java.dll
0x00007ffe0cf00000 - 0x00007ffe0d667000 	C:\Windows\System32\SHELL32.dll
0x00007ffe0a010000 - 0x00007ffe0a17a000 	C:\Windows\System32\wintypes.dll
0x00007ffe0abb0000 - 0x00007ffe0b418000 	C:\Windows\System32\windows.storage.dll
0x00007ffe0c090000 - 0x00007ffe0c188000 	C:\Windows\System32\SHCORE.dll
0x00007ffe0cac0000 - 0x00007ffe0cb26000 	C:\Windows\System32\shlwapi.dll
0x00007ffe09f30000 - 0x00007ffe09f59000 	C:\Windows\SYSTEM32\profapi.dll
0x00007ffde5620000 - 0x00007ffde5630000 	C:\Program Files\JetBrains\IntelliJ IDEA 2025.3.1.1\jbr\bin\net.dll
0x00007ffe01fb0000 - 0x00007ffe020dd000 	C:\Windows\SYSTEM32\WINHTTP.dll
0x00007ffe09380000 - 0x00007ffe093ec000 	C:\Windows\system32\mswsock.dll
0x00007ffda4830000 - 0x00007ffda4846000 	C:\Program Files\JetBrains\IntelliJ IDEA 2025.3.1.1\jbr\bin\nio.dll
0x00007ffdda2e0000 - 0x00007ffdda2f8000 	C:\Program Files\JetBrains\IntelliJ IDEA 2025.3.1.1\jbr\bin\zip.dll
0x00007ffde1f50000 - 0x00007ffde1f5e000 	C:\Program Files\JetBrains\IntelliJ IDEA 2025.3.1.1\jbr\bin\sunmscapi.dll
0x00007ffe0a630000 - 0x00007ffe0a7a7000 	C:\Windows\System32\CRYPT32.dll
0x00007ffe09930000 - 0x00007ffe09960000 	C:\Windows\SYSTEM32\ncrypt.dll
0x00007ffe098e0000 - 0x00007ffe0991f000 	C:\Windows\SYSTEM32\NTASN1.dll
0x00007ffddf220000 - 0x00007ffddf228000 	C:\Windows\system32\wshunix.dll
0x00007ffe09680000 - 0x00007ffe0969b000 	C:\Windows\SYSTEM32\CRYPTSP.dll
0x00007ffe08d00000 - 0x00007ffe08d39000 	C:\Windows\system32\rsaenh.dll
0x00007ffe09430000 - 0x00007ffe09463000 	C:\Windows\SYSTEM32\USERENV.dll
0x00007ffe09f00000 - 0x00007ffe09f2a000 	C:\Windows\SYSTEM32\bcrypt.dll
0x00007ffe096a0000 - 0x00007ffe096ac000 	C:\Windows\SYSTEM32\CRYPTBASE.dll
0x00007ffe087d0000 - 0x00007ffe08802000 	C:\Windows\SYSTEM32\IPHLPAPI.DLL
0x00007ffe0cef0000 - 0x00007ffe0cefa000 	C:\Windows\System32\NSI.dll
0x00007ffddfe20000 - 0x00007ffddfe29000 	C:\Program Files\JetBrains\IntelliJ IDEA 2025.3.1.1\jbr\bin\extnet.dll
0x00007ffe08870000 - 0x00007ffe089a2000 	C:\Windows\SYSTEM32\DNSAPI.dll
0x00007ffe00ea0000 - 0x00007ffe00eab000 	C:\Windows\System32\rasadhlp.dll
0x00007ffe02380000 - 0x00007ffe02406000 	C:\Windows\System32\fwpuclnt.dll

JVMTI agents: none

dbghelp: loaded successfully - version: 4.0.5 - missing functions: none
symbol engine: initialized successfully - sym options: 0x614 - pdb path: .;C:\Program Files\JetBrains\IntelliJ IDEA 2025.3.1.1\jbr\bin;C:\Windows\SYSTEM32;C:\Windows\WinSxS\amd64_microsoft.windows.common-controls_6595b64144ccf1df_6.0.26100.8115_none_3e075c82e3354f9c;C:\Program Files\JetBrains\IntelliJ IDEA 2025.3.1.1\jbr\bin\server

VM Arguments:
java_command: com.intellij.mcpserver.stdio.McpStdioRunnerKt
java_class_path (initial): C:\Program Files\JetBrains\IntelliJ IDEA 2025.3.1.1\plugins\mcpserver\lib\mcpserver-frontend.jar;C:\Program Files\JetBrains\IntelliJ IDEA 2025.3.1.1\lib\util-8.jar;C:\Program Files\JetBrains\IntelliJ IDEA 2025.3.1.1\lib\module-intellij.libraries.ktor.client.cio.jar;C:\Program Files\JetBrains\IntelliJ IDEA 2025.3.1.1\lib\module-intellij.libraries.ktor.client.jar;C:\Program Files\JetBrains\IntelliJ IDEA 2025.3.1.1\lib\module-intellij.libraries.ktor.network.tls.jar;C:\Program Files\JetBrains\IntelliJ IDEA 2025.3.1.1\lib\module-intellij.libraries.ktor.io.jar;C:\Program Files\JetBrains\IntelliJ IDEA 2025.3.1.1\lib\module-intellij.libraries.ktor.utils.jar;C:\Program Files\JetBrains\IntelliJ IDEA 2025.3.1.1\lib\module-intellij.libraries.kotlinx.io.jar;C:\Program Files\JetBrains\IntelliJ IDEA 2025.3.1.1\lib\module-intellij.libraries.kotlinx.serialization.core.jar;C:\Program Files\JetBrains\IntelliJ IDEA 2025.3.1.1\lib\module-intellij.libraries.kotlinx.serialization.json.jar
Launcher Type: SUN_STANDARD

[Global flags]
     intx CICompilerCount                          = 4                                         {product} {ergonomic}
     uint ConcGCThreads                            = 3                                         {product} {ergonomic}
     uint G1ConcRefinementThreads                  = 10                                        {product} {ergonomic}
   size_t G1HeapRegionSize                         = 2097152                                   {product} {ergonomic}
    uintx GCDrainStackTargetSize                   = 64                                        {product} {ergonomic}
   size_t InitialHeapSize                          = 264241152                                 {product} {ergonomic}
   size_t MarkStackSize                            = 4194304                                   {product} {ergonomic}
   size_t MaxHeapSize                              = 4217372672                                {product} {ergonomic}
   size_t MaxNewSize                               = 2529165312                                {product} {ergonomic}
   size_t MinHeapDeltaBytes                        = 2097152                                   {product} {ergonomic}
   size_t MinHeapSize                              = 8388608                                   {product} {ergonomic}
    uintx NonNMethodCodeHeapSize                   = 5839372                                {pd product} {ergonomic}
    uintx NonProfiledCodeHeapSize                  = 122909434                              {pd product} {ergonomic}
    uintx ProfiledCodeHeapSize                     = 122909434                              {pd product} {ergonomic}
    uintx ReservedCodeCacheSize                    = 251658240                              {pd product} {ergonomic}
     bool SegmentedCodeCache                       = true                                      {product} {ergonomic}
   size_t SoftMaxHeapSize                          = 4217372672                             {manageable} {ergonomic}
     bool UseCompressedOops                        = true                           {product lp64_product} {ergonomic}
     bool UseG1GC                                  = true                                      {product} {ergonomic}
     bool UseLargePagesIndividualAllocation        = false                                  {pd product} {ergonomic}

Logging:
Log output configuration:
 #0: stdout all=warning uptime,level,tags foldmultilines=false
 #1: stderr all=off uptime,level,tags foldmultilines=false

Release file:
JAVA_VERSION="21.0.9" 
MODULES="java.base java.datatransfer java.xml java.prefs java.desktop gluegen.rt java.compiler java.instrument java.logging java.management java.security.sasl java.naming java.rmi java.management.rmi java.net.http java.scripting java.security.jgss java.transaction.xa java.sql java.sql.rowset java.xml.crypto java.se java.smartcardio jogl.all jcef jdk.accessibility jdk.internal.jvmstat jdk.attach jdk.charsets jdk.internal.opt jdk.zipfs jdk.compiler jdk.crypto.ec jdk.crypto.cryptoki jdk.crypto.mscapi jdk.dynalink jdk.hotspot.agent jdk.httpserver jdk.internal.ed jdk.internal.le jdk.internal.vm.ci jdk.javadoc jdk.jcmd jdk.jdwp.agent jdk.jdi jdk.jfr jdk.jsobject jdk.localedata jdk.management jdk.management.agent jdk.management.jfr jdk.naming.dns jdk.naming.rmi jdk.net jdk.sctp jdk.security.auth jdk.security.jgss jdk.unsupported jdk.unsupported.desktop jdk.xml.dom" 
IMPLEMENTOR="JetBrains s.r.o." 
IMPLEMENTOR_VERSION="JBR-21.0.9+1-1163.94-jcef" 
JAVA_RUNTIME_VERSION="21.0.9+1-b1163.94" 
LIBC="default" 
OS_ARCH="x86_64" 
OS_NAME="Windows" 
SOURCE=".:git:5d82c7fa6abe+ jcef_git:git:4a605f44671a" 
JCEF_VERSION="137.0.17.1087+g722a58e" 
JCEF_COMMIT_HASH="722a58ea148c6577a6b7e379036edec01083f004" 

Environment Variables:
PATH=C:\Program Files\Common Files\Oracle\Java\javapath;C:\Python314\Scripts\;C:\Python314\;C:\Windows\system32;C:\Windows;C:\Windows\System32\Wbem;C:\Windows\System32\WindowsPowerShell\v1.0\;C:\Windows\System32\OpenSSH\;C:\Program Files\nodejs\;C:\ProgramData\chocolatey\bin;C:\Program Files\MySQL\MySQL Server 8.0\bin;C:\Program Files\cursor\resources\app\bin;C:\Program Files\Git\cmd;C:\Program Files\Docker\Docker\resources\bin;C:\Program Files\Common Files\Oracle\Java\javapath;C:\Python314\Scripts\;C:\Python314\;C:\Windows\system32;C:\Windows;C:\Windows\System32\Wbem;C:\Windows\System32\WindowsPowerShell\v1.0\;C:\Windows\System32\OpenSSH\;C:\Program Files\nodejs\;C:\ProgramData\chocolatey\bin;C:\Program Files\MySQL\MySQL Server 8.0\bin;C:\Program Files\cursor\resources\app\bin;C:\Program Files\Git\cmd;C:\Program Files\Docker\Docker\resources\bin;C:\Program Files\MySQL\MySQL Shell 8.0\bin\;C:\Users\MSI\AppData\Local\Microsoft\WindowsApps;C:\Users\MSI\AppData\Roaming\npm;C:\Users\MSI\AppData\Local\Programs\Microsoft VS Code\bin;C:\Program Files\PostgreSQL\18\bin;C:\Users\MSI\AppData\Local\GitHubDesktop\bin;C:\Users\MSI\AppData\Local\Programs\Antigravity\bin
USERNAME=MSI
SHELL=C:\Program Files\Git\bin\bash.exe
OS=Windows_NT
PROCESSOR_IDENTIFIER=Intel64 Family 6 Model 154 Stepping 3, GenuineIntel
TMP=C:\Users\MSI\AppData\Local\Temp
TEMP=C:\Users\MSI\AppData\Local\Temp




Periodic native trim disabled

JNI global refs:
JNI global refs: 19, weak refs: 0

JNI global refs memory usage: 835, weak refs: 833

Process memory usage:
Resident Set Size: 105708K (0% of 16473752K total physical memory with 584016K free physical memory)

OOME stack traces (most recent first):
Classloader memory used:
Loader jdk.internal.loader.ClassLoaders$AppClassLoader                                 : 6863K
Loader bootstrap                                                                       : 1336K
Loader jdk.internal.loader.ClassLoaders$PlatformClassLoader                            : 144K

---------------  S Y S T E M  ---------------

OS:
 Windows 11 , 64 bit Build 26100 (10.0.26100.8246)
OS uptime: 0 days 13:46 hours
Hyper-V role detected

CPU: total 12 (initial active 12) (6 cores per cpu, 2 threads per core) family 6 model 154 stepping 3 microcode 0x424, cx8, cmov, fxsr, ht, mmx, 3dnowpref, sse, sse2, sse3, ssse3, sse4.1, sse4.2, popcnt, lzcnt, tsc, tscinvbit, avx, avx2, aes, erms, clmul, bmi1, bmi2, adx, sha, fma, vzeroupper, clflush, clflushopt, clwb, hv, serialize, rdtscp, rdpid, fsrm, f16c, cet_ibt, cet_ss
Processor Information for processor 0
  Max Mhz: 2000, Current Mhz: 2000, Mhz Limit: 2000
Processor Information for processor 1
  Max Mhz: 2000, Current Mhz: 2000, Mhz Limit: 2000
Processor Information for processor 2
  Max Mhz: 2000, Current Mhz: 2000, Mhz Limit: 2000
Processor Information for processor 3
  Max Mhz: 2000, Current Mhz: 2000, Mhz Limit: 2000
Processor Information for processor 4
  Max Mhz: 2000, Current Mhz: 2000, Mhz Limit: 2000
Processor Information for processor 5
  Max Mhz: 2000, Current Mhz: 2000, Mhz Limit: 2000
Processor Information for processor 6
  Max Mhz: 2000, Current Mhz: 2000, Mhz Limit: 2000
Processor Information for processor 7
  Max Mhz: 2000, Current Mhz: 2000, Mhz Limit: 2000
Processor Information for processor 8
  Max Mhz: 2000, Current Mhz: 2000, Mhz Limit: 2000
Processor Information for processor 9
  Max Mhz: 2000, Current Mhz: 2000, Mhz Limit: 2000
Processor Information for processor 10
  Max Mhz: 2000, Current Mhz: 2000, Mhz Limit: 2000
Processor Information for processor 11
  Max Mhz: 2000, Current Mhz: 1466, Mhz Limit: 2000

Memory: 4k page, system-wide physical 16087M (570M free)
TotalPageFile size 42534M (AvailPageFile size 3M)
current process WorkingSet (physical memory assigned to process): 103M, peak: 103M
current process commit charge ("private bytes"): 375M, peak: 376M

vm_info: OpenJDK 64-Bit Server VM (21.0.9+1-b1163.94) for windows-amd64 JRE (21.0.9+1-b1163.94), built on 2026-01-12 by "builduser" with MS VC++ 16.10 / 16.11 (VS2019)

END.
